5	09:12 Sat 28 Sep 13	Startup FIDSxml v0.96 build 25 Mar 2013  DEMONSTRATION ONLY
5	09:12 Sat 28 Sep 13	Startup FIDSxml v0.96 build 25 Mar 2013  DEMONSTRATION ONLY
5	09:16 Sat 28 Sep 13	Startup FIDSxml v0.96 build 25 Mar 2013  DEMONSTRATION ONLY
4	09:16 Sat 28 Sep 13	Acting as HOST
5	09:26 Sat 28 Sep 13	Startup FIDSxml v0.96 build 25 Mar 2013  DEMONSTRATION ONLY
4	09:26 Sat 28 Sep 13	Acting as HOST
5	09:28 Sat 28 Sep 13	Startup FIDSxml v0.96 build 25 Mar 2013  DEMONSTRATION ONLY
4	09:28 Sat 28 Sep 13	Acting as HOST
5	10:08 Sat 28 Sep 13	Startup FIDSxml v0.96 build 25 Mar 2013  DEMONSTRATION ONLY
4	10:08 Sat 28 Sep 13	Acting as HOST
5	15:58 Sat 28 Sep 13	Startup FIDSxml v0.96 build 25 Mar 2013  DEMONSTRATION ONLY
4	15:58 Sat 28 Sep 13	Acting as HOST
5	16:00 Sat 28 Sep 13	Startup FIDSxml v0.96 build 25 Mar 2013  DEMONSTRATION ONLY
4	16:00 Sat 28 Sep 13	Acting as HOST
5	08:52 Sun 29 Sep 13	Startup FIDSxml v0.96 build 25 Mar 2013  DEMONSTRATION ONLY
4	08:52 Sun 29 Sep 13	Acting as HOST
5	10:51 Sun 29 Sep 13	Startup FIDSxml v0.96 build 25 Mar 2013  DEMONSTRATION ONLY
4	10:51 Sun 29 Sep 13	Acting as HOST
5	14:15 Sun 29 Sep 13	Startup FIDSxml v0.96 build 25 Mar 2013  DEMONSTRATION ONLY
4	14:15 Sun 29 Sep 13	Acting as HOST
5	14:16 Sun 29 Sep 13	Startup FIDSxml v0.96 build 25 Mar 2013  DEMONSTRATION ONLY
4	14:16 Sun 29 Sep 13	Acting as HOST
5	14:17 Sun 29 Sep 13	Startup FIDSxml v0.96 build 25 Mar 2013  DEMONSTRATION ONLY
4	14:17 Sun 29 Sep 13	Acting as HOST
5	14:21 Sun 29 Sep 13	Startup FIDSxml v0.96 build 25 Mar 2013  DEMONSTRATION ONLY
4	14:21 Sun 29 Sep 13	Acting as HOST
5	14:26 Sun 29 Sep 13	Startup FIDSxml v0.96 build 25 Mar 2013  DEMONSTRATION ONLY
4	14:26 Sun 29 Sep 13	Acting as HOST
5	14:28 Sun 29 Sep 13	Startup FIDSxml v0.96 build 25 Mar 2013  DEMONSTRATION ONLY
4	14:28 Sun 29 Sep 13	Acting as HOST
5	14:30 Sun 29 Sep 13	Startup FIDSxml v0.96 build 25 Mar 2013  DEMONSTRATION ONLY
4	14:30 Sun 29 Sep 13	Acting as HOST
5	14:33 Sun 29 Sep 13	Startup FIDSxml v0.96 build 25 Mar 2013  DEMONSTRATION ONLY
4	14:33 Sun 29 Sep 13	Acting as HOST
5	14:35 Sun 29 Sep 13	Startup FIDSxml v0.96 build 25 Mar 2013  DEMONSTRATION ONLY
4	14:35 Sun 29 Sep 13	Acting as HOST
5	14:41 Sun 29 Sep 13	Startup FIDSxml v0.96 build 25 Mar 2013  DEMONSTRATION ONLY
4	14:41 Sun 29 Sep 13	Acting as HOST
5	15:13 Sun 29 Sep 13	Startup FIDSxml v0.96 build 25 Mar 2013  DEMONSTRATION ONLY
4	15:13 Sun 29 Sep 13	Acting as HOST
5	15:15 Sun 29 Sep 13	Startup FIDSxml v0.96 build 25 Mar 2013  DEMONSTRATION ONLY
4	15:15 Sun 29 Sep 13	Acting as HOST
5	15:17 Sun 29 Sep 13	Startup FIDSxml v0.96 build 25 Mar 2013  DEMONSTRATION ONLY
4	15:17 Sun 29 Sep 13	Acting as HOST
5	19:03 Sun 29 Sep 13	Startup FIDSxml v0.96 build 25 Mar 2013  DEMONSTRATION ONLY
4	19:03 Sun 29 Sep 13	Acting as HOST
5	19:04 Sun 29 Sep 13	Startup FIDSxml v0.96 build 25 Mar 2013  DEMONSTRATION ONLY
4	19:04 Sun 29 Sep 13	Acting as HOST
5	19:10 Sun 29 Sep 13	Startup FIDSxml v0.96 build 25 Mar 2013  DEMONSTRATION ONLY
4	19:10 Sun 29 Sep 13	Acting as HOST
5	22:27 Sun 29 Sep 13	Startup FIDSxml v0.96 build 25 Mar 2013  DEMONSTRATION ONLY
4	22:27 Sun 29 Sep 13	Acting as HOST
5	22:42 Sun 29 Sep 13	Startup FIDSxml v0.96 build 25 Mar 2013  DEMONSTRATION ONLY
4	22:42 Sun 29 Sep 13	Acting as HOST
5	22:47 Sun 29 Sep 13	Startup FIDSxml v0.96 build 25 Mar 2013  DEMONSTRATION ONLY
4	22:47 Sun 29 Sep 13	Acting as HOST
5	22:56 Sun 29 Sep 13	Startup FIDSxml v0.96 build 25 Mar 2013  DEMONSTRATION ONLY
4	22:56 Sun 29 Sep 13	Acting as HOST
5	22:58 Sun 29 Sep 13	Startup FIDSxml v0.96 build 25 Mar 2013  DEMONSTRATION ONLY
4	22:58 Sun 29 Sep 13	Acting as HOST
5	22:59 Sun 29 Sep 13	Startup FIDSxml v0.96 build 25 Mar 2013  DEMONSTRATION ONLY
4	22:59 Sun 29 Sep 13	Acting as HOST
5	23:01 Sun 29 Sep 13	Startup FIDSxml v0.96 build 25 Mar 2013  DEMONSTRATION ONLY
4	23:01 Sun 29 Sep 13	Acting as HOST
5	23:02 Sun 29 Sep 13	Startup FIDSxml v0.96 build 25 Mar 2013  DEMONSTRATION ONLY
4	23:02 Sun 29 Sep 13	Acting as HOST
5	22:48 Mon 30 Sep 13	Startup FIDSxml v0.96 build 25 Mar 2013  DEMONSTRATION ONLY
4	22:48 Mon 30 Sep 13	Acting as HOST
5	22:50 Mon 30 Sep 13	Startup FIDSxml v0.96 build 25 Mar 2013  DEMONSTRATION ONLY
4	22:50 Mon 30 Sep 13	Acting as HOST
5	22:56 Mon 30 Sep 13	Startup FIDSxml v0.96 build 25 Mar 2013  DEMONSTRATION ONLY
4	22:56 Mon 30 Sep 13	Acting as HOST
5	23:01 Mon 30 Sep 13	Startup FIDSxml v0.96 build 25 Mar 2013  DEMONSTRATION ONLY
4	23:01 Mon 30 Sep 13	Acting as HOST
5	23:03 Mon 30 Sep 13	Startup FIDSxml v0.96 build 25 Mar 2013  DEMONSTRATION ONLY
4	23:03 Mon 30 Sep 13	Acting as HOST
5	09:57 Tue 1 Oct 13	Startup FIDSxml v0.96 build 25 Mar 2013  DEMONSTRATION ONLY
4	09:57 Tue 1 Oct 13	Acting as HOST
5	10:10 Tue 1 Oct 13	Startup FIDSxml v0.96 build 25 Mar 2013  DEMONSTRATION ONLY
4	10:10 Tue 1 Oct 13	Acting as HOST
5	10:59 Tue 1 Oct 13	Startup FIDSxml v0.96 build 25 Mar 2013  DEMONSTRATION ONLY
4	10:59 Tue 1 Oct 13	Acting as HOST
5	15:30 Tue 1 Oct 13	Startup FIDSxml v0.96 build 25 Mar 2013  DEMONSTRATION ONLY
4	15:30 Tue 1 Oct 13	Acting as HOST
5	15:34 Tue 1 Oct 13	Startup FIDSxml v0.96 build 25 Mar 2013  DEMONSTRATION ONLY
4	15:34 Tue 1 Oct 13	Acting as HOST
5	15:35 Tue 1 Oct 13	Startup FIDSxml v0.96 build 25 Mar 2013  DEMONSTRATION ONLY
5	15:37 Tue 1 Oct 13	Startup FIDSxml v0.96 build 25 Mar 2013  DEMONSTRATION ONLY
4	15:38 Tue 1 Oct 13	Acting as HOST
5	15:55 Tue 1 Oct 13	Startup FIDSxml v0.96 build 25 Mar 2013  DEMONSTRATION ONLY
4	15:55 Tue 1 Oct 13	Acting as HOST
5	15:57 Tue 1 Oct 13	Startup FIDSxml v0.96 build 25 Mar 2013  DEMONSTRATION ONLY
4	15:58 Tue 1 Oct 13	Acting as HOST
5	16:00 Tue 1 Oct 13	Startup FIDSxml v0.96 build 25 Mar 2013  DEMONSTRATION ONLY
4	16:00 Tue 1 Oct 13	Acting as HOST
5	08:54 Wed 2 Oct 13	Startup FIDSxml v0.96 build 25 Mar 2013  DEMONSTRATION ONLY
4	08:54 Wed 2 Oct 13	Acting as HOST
5	16:13 Wed 2 Oct 13	Startup FIDSxml v0.96 build 25 Mar 2013  DEMONSTRATION ONLY
4	16:13 Wed 2 Oct 13	Acting as HOST
5	16:29 Wed 2 Oct 13	Startup FIDSxml v0.96 build 25 Mar 2013  DEMONSTRATION ONLY
4	16:29 Wed 2 Oct 13	Acting as HOST
5	16:34 Wed 2 Oct 13	Startup FIDSxml v0.96 build 25 Mar 2013  DEMONSTRATION ONLY
4	16:34 Wed 2 Oct 13	Acting as HOST
5	16:35 Wed 2 Oct 13	Startup FIDSxml v0.96 build 25 Mar 2013  DEMONSTRATION ONLY
4	16:35 Wed 2 Oct 13	Acting as HOST
5	16:42 Wed 2 Oct 13	Startup FIDSxml v0.96 build 25 Mar 2013  DEMONSTRATION ONLY
4	16:42 Wed 2 Oct 13	Acting as HOST
5	17:14 Wed 2 Oct 13	Startup FIDSxml v0.96 build 25 Mar 2013  DEMONSTRATION ONLY
4	17:14 Wed 2 Oct 13	Acting as HOST
5	17:21 Wed 2 Oct 13	Startup FIDSxml v0.96 build 25 Mar 2013  DEMONSTRATION ONLY
4	17:21 Wed 2 Oct 13	Acting as HOST
5	17:22 Wed 2 Oct 13	Startup FIDSxml v0.96 build 25 Mar 2013  DEMONSTRATION ONLY
4	17:22 Wed 2 Oct 13	Acting as HOST
5	17:46 Wed 2 Oct 13	Startup FIDSxml v0.96 build 25 Mar 2013  DEMONSTRATION ONLY
4	17:46 Wed 2 Oct 13	Acting as HOST
5	17:56 Wed 2 Oct 13	Startup FIDSxml v0.96 build 25 Mar 2013  DEMONSTRATION ONLY
4	17:56 Wed 2 Oct 13	Acting as HOST
5	17:57 Wed 2 Oct 13	Startup FIDSxml v0.96 build 25 Mar 2013  DEMONSTRATION ONLY
4	17:57 Wed 2 Oct 13	Acting as HOST
5	18:00 Wed 2 Oct 13	Startup FIDSxml v0.96 build 25 Mar 2013  DEMONSTRATION ONLY
4	18:00 Wed 2 Oct 13	Acting as HOST
5	18:01 Wed 2 Oct 13	Startup FIDSxml v0.96 build 25 Mar 2013  DEMONSTRATION ONLY
4	18:01 Wed 2 Oct 13	Acting as HOST
5	19:03 Wed 2 Oct 13	Startup FIDSxml v0.96 build 25 Mar 2013  DEMONSTRATION ONLY
4	19:03 Wed 2 Oct 13	Acting as HOST
5	19:07 Wed 2 Oct 13	Startup FIDSxml v0.96 build 25 Mar 2013  DEMONSTRATION ONLY
4	19:07 Wed 2 Oct 13	Acting as HOST
5	19:11 Wed 2 Oct 13	Startup FIDSxml v0.96 build 25 Mar 2013  DEMONSTRATION ONLY
4	19:11 Wed 2 Oct 13	Acting as HOST
5	19:25 Wed 2 Oct 13	Startup FIDSxml v0.96 build 25 Mar 2013  DEMONSTRATION ONLY
4	19:25 Wed 2 Oct 13	Acting as HOST
5	21:07 Wed 2 Oct 13	Startup FIDSxml v0.96 build 25 Mar 2013  DEMONSTRATION ONLY
4	21:07 Wed 2 Oct 13	Acting as HOST
5	21:50 Wed 2 Oct 13	Startup FIDSxml v0.96 build 25 Mar 2013  DEMONSTRATION ONLY
4	21:50 Wed 2 Oct 13	Acting as HOST
5	21:51 Wed 2 Oct 13	Startup FIDSxml v0.96 build 25 Mar 2013  DEMONSTRATION ONLY
4	21:51 Wed 2 Oct 13	Acting as HOST
5	22:10 Wed 2 Oct 13	Startup FIDSxml v0.96 build 25 Mar 2013  DEMONSTRATION ONLY
4	22:10 Wed 2 Oct 13	Acting as HOST
5	22:40 Wed 2 Oct 13	Startup FIDSxml v0.96 build 25 Mar 2013  DEMONSTRATION ONLY
4	22:40 Wed 2 Oct 13	Acting as HOST
5	22:44 Wed 2 Oct 13	Startup FIDSxml v0.96 build 25 Mar 2013  DEMONSTRATION ONLY
4	22:44 Wed 2 Oct 13	Acting as HOST
5	09:31 Thu 3 Oct 13	Startup FIDSxml v0.96 build 25 Mar 2013  DEMONSTRATION ONLY
4	09:31 Thu 3 Oct 13	Acting as HOST
5	09:57 Thu 3 Oct 13	Startup FIDSxml v0.96 build 25 Mar 2013  DEMONSTRATION ONLY
4	09:57 Thu 3 Oct 13	Acting as HOST
5	10:07 Thu 3 Oct 13	Startup FIDSxml v0.96 build 25 Mar 2013  DEMONSTRATION ONLY
4	10:07 Thu 3 Oct 13	Acting as HOST
5	10:14 Thu 3 Oct 13	Startup FIDSxml v0.96 build 25 Mar 2013  DEMONSTRATION ONLY
4	10:14 Thu 3 Oct 13	Acting as HOST
5	10:24 Thu 3 Oct 13	Startup FIDSxml v0.96 build 25 Mar 2013  DEMONSTRATION ONLY
4	10:24 Thu 3 Oct 13	Acting as HOST
5	10:27 Thu 3 Oct 13	Startup FIDSxml v0.96 build 25 Mar 2013  DEMONSTRATION ONLY
4	10:27 Thu 3 Oct 13	Acting as HOST
5	10:43 Thu 3 Oct 13	Startup FIDSxml v0.96 build 25 Mar 2013  DEMONSTRATION ONLY
4	10:43 Thu 3 Oct 13	Acting as HOST
5	10:59 Thu 3 Oct 13	Startup FIDSxml v0.96 build 25 Mar 2013  DEMONSTRATION ONLY
4	10:59 Thu 3 Oct 13	Acting as HOST
5	11:01 Thu 3 Oct 13	Startup FIDSxml v0.96 build 25 Mar 2013  DEMONSTRATION ONLY
4	11:01 Thu 3 Oct 13	Acting as HOST
5	11:02 Thu 3 Oct 13	Startup FIDSxml v0.96 build 25 Mar 2013  DEMONSTRATION ONLY
4	11:02 Thu 3 Oct 13	Acting as HOST
5	11:05 Thu 3 Oct 13	Startup FIDSxml v0.96 build 25 Mar 2013  DEMONSTRATION ONLY
4	11:05 Thu 3 Oct 13	Acting as HOST
5	11:14 Thu 3 Oct 13	Startup FIDSxml v0.96 build 25 Mar 2013  DEMONSTRATION ONLY
4	11:14 Thu 3 Oct 13	Acting as HOST
5	11:21 Thu 3 Oct 13	Startup FIDSxml v0.96 build 25 Mar 2013  DEMONSTRATION ONLY
4	11:21 Thu 3 Oct 13	Acting as HOST
5	11:26 Thu 3 Oct 13	Startup FIDSxml v0.96 build 25 Mar 2013  DEMONSTRATION ONLY
4	11:26 Thu 3 Oct 13	Acting as HOST
5	11:29 Thu 3 Oct 13	Startup FIDSxml v0.96 build 25 Mar 2013  DEMONSTRATION ONLY
4	11:29 Thu 3 Oct 13	Acting as HOST
5	11:30 Thu 3 Oct 13	Startup FIDSxml v0.96 build 25 Mar 2013  DEMONSTRATION ONLY
4	11:30 Thu 3 Oct 13	Acting as HOST
5	11:33 Thu 3 Oct 13	Startup FIDSxml v0.96 build 25 Mar 2013  DEMONSTRATION ONLY
4	11:33 Thu 3 Oct 13	Acting as HOST
5	11:40 Thu 3 Oct 13	Startup FIDSxml v0.96 build 25 Mar 2013  DEMONSTRATION ONLY
4	11:40 Thu 3 Oct 13	Acting as HOST
5	11:48 Thu 3 Oct 13	Startup FIDSxml v0.96 build 25 Mar 2013  DEMONSTRATION ONLY
4	11:48 Thu 3 Oct 13	Acting as HOST
5	11:50 Thu 3 Oct 13	Startup FIDSxml v0.96 build 25 Mar 2013  DEMONSTRATION ONLY
4	11:50 Thu 3 Oct 13	Acting as HOST
5	11:51 Thu 3 Oct 13	Startup FIDSxml v0.96 build 25 Mar 2013  DEMONSTRATION ONLY
4	11:51 Thu 3 Oct 13	Acting as HOST
5	11:53 Thu 3 Oct 13	Startup FIDSxml v0.96 build 25 Mar 2013  DEMONSTRATION ONLY
4	11:53 Thu 3 Oct 13	Acting as HOST
5	11:58 Thu 3 Oct 13	Startup FIDSxml v0.96 build 25 Mar 2013  DEMONSTRATION ONLY
4	11:58 Thu 3 Oct 13	Acting as HOST
5	12:10 Thu 3 Oct 13	Startup FIDSxml v0.96 build 25 Mar 2013  DEMONSTRATION ONLY
4	12:10 Thu 3 Oct 13	Acting as HOST
5	12:11 Thu 3 Oct 13	Startup FIDSxml v0.96 build 25 Mar 2013  DEMONSTRATION ONLY
4	12:11 Thu 3 Oct 13	Acting as HOST
5	12:14 Thu 3 Oct 13	Startup FIDSxml v0.96 build 25 Mar 2013  DEMONSTRATION ONLY
4	12:14 Thu 3 Oct 13	Acting as HOST
5	12:16 Thu 3 Oct 13	Startup FIDSxml v0.96 build 25 Mar 2013  DEMONSTRATION ONLY
4	12:16 Thu 3 Oct 13	Acting as HOST
5	12:17 Thu 3 Oct 13	Startup FIDSxml v0.96 build 25 Mar 2013  DEMONSTRATION ONLY
4	12:17 Thu 3 Oct 13	Acting as HOST
5	12:19 Thu 3 Oct 13	Startup FIDSxml v0.96 build 25 Mar 2013  DEMONSTRATION ONLY
4	12:19 Thu 3 Oct 13	Acting as HOST
5	12:22 Thu 3 Oct 13	Startup FIDSxml v0.96 build 25 Mar 2013  DEMONSTRATION ONLY
4	12:22 Thu 3 Oct 13	Acting as HOST
5	12:23 Thu 3 Oct 13	Startup FIDSxml v0.96 build 25 Mar 2013  DEMONSTRATION ONLY
4	12:23 Thu 3 Oct 13	Acting as HOST
5	13:11 Thu 3 Oct 13	Startup FIDSxml v0.96 build 25 Mar 2013  DEMONSTRATION ONLY
4	13:11 Thu 3 Oct 13	Acting as HOST
5	13:14 Thu 3 Oct 13	Startup FIDSxml v0.96 build 25 Mar 2013  DEMONSTRATION ONLY
4	13:14 Thu 3 Oct 13	Acting as HOST
5	13:23 Thu 3 Oct 13	Startup FIDSxml v0.96 build 25 Mar 2013  DEMONSTRATION ONLY
4	13:23 Thu 3 Oct 13	Acting as HOST
5	13:31 Thu 3 Oct 13	Startup FIDSxml v0.96 build 25 Mar 2013  DEMONSTRATION ONLY
4	13:31 Thu 3 Oct 13	Acting as HOST
5	13:42 Thu 3 Oct 13	Startup FIDSxml v0.96 build 25 Mar 2013  DEMONSTRATION ONLY
4	13:42 Thu 3 Oct 13	Acting as HOST
5	13:45 Thu 3 Oct 13	Startup FIDSxml v0.96 build 25 Mar 2013  DEMONSTRATION ONLY
4	13:45 Thu 3 Oct 13	Acting as HOST
5	13:55 Thu 3 Oct 13	Startup FIDSxml v0.96 build 25 Mar 2013  DEMONSTRATION ONLY
4	13:55 Thu 3 Oct 13	Acting as HOST
5	14:04 Thu 3 Oct 13	Startup FIDSxml v0.96 build 25 Mar 2013  DEMONSTRATION ONLY
4	14:04 Thu 3 Oct 13	Acting as HOST
5	14:11 Thu 3 Oct 13	Startup FIDSxml v0.96 build 25 Mar 2013  DEMONSTRATION ONLY
4	14:11 Thu 3 Oct 13	Acting as HOST
5	19:13 Thu 3 Oct 13	Startup FIDSxml v0.96 build 25 Mar 2013  DEMONSTRATION ONLY
4	19:13 Thu 3 Oct 13	Acting as HOST
5	19:13 Thu 3 Oct 13	Startup FIDSxml v0.96 build 25 Mar 2013  DEMONSTRATION ONLY
4	19:13 Thu 3 Oct 13	Acting as HOST
5	12:56 Fri 4 Oct 13	Startup FIDSxml v0.96 build 25 Mar 2013  DEMONSTRATION ONLY
4	12:56 Fri 4 Oct 13	Acting as HOST
5	14:29 Fri 4 Oct 13	Startup FIDSxml v0.96 build 25 Mar 2013  DEMONSTRATION ONLY
4	14:29 Fri 4 Oct 13	Acting as HOST
5	14:34 Fri 4 Oct 13	Startup FIDSxml v0.96 build 25 Mar 2013  DEMONSTRATION ONLY
4	14:34 Fri 4 Oct 13	Acting as HOST
5	14:37 Fri 4 Oct 13	Startup FIDSxml v0.96 build 25 Mar 2013  DEMONSTRATION ONLY
4	14:37 Fri 4 Oct 13	Acting as HOST
5	14:48 Fri 4 Oct 13	Startup FIDSxml v0.96 build 25 Mar 2013  DEMONSTRATION ONLY
4	14:48 Fri 4 Oct 13	Acting as HOST
5	15:17 Fri 4 Oct 13	Startup FIDSxml v0.96 build 25 Mar 2013  DEMONSTRATION ONLY
4	15:17 Fri 4 Oct 13	Acting as HOST
5	15:42 Fri 4 Oct 13	Startup FIDSxml v0.96 build 25 Mar 2013  DEMONSTRATION ONLY
4	15:42 Fri 4 Oct 13	Acting as HOST
5	15:46 Fri 4 Oct 13	Startup FIDSxml v0.96 build 25 Mar 2013  DEMONSTRATION ONLY
4	15:46 Fri 4 Oct 13	Acting as HOST
5	16:51 Fri 4 Oct 13	Startup FIDSxml v0.96 build 25 Mar 2013  DEMONSTRATION ONLY
5	16:52 Fri 4 Oct 13	Startup FIDSxml v0.96 build 25 Mar 2013  DEMONSTRATION ONLY
4	16:52 Fri 4 Oct 13	Acting as HOST
5	16:58 Fri 4 Oct 13	Startup FIDSxml v0.96 build 25 Mar 2013  DEMONSTRATION ONLY
4	16:58 Fri 4 Oct 13	Acting as HOST
5	17:01 Fri 4 Oct 13	Startup FIDSxml v0.96 build 25 Mar 2013  DEMONSTRATION ONLY
4	17:01 Fri 4 Oct 13	Acting as HOST
5	17:03 Fri 4 Oct 13	Startup FIDSxml v0.96 build 25 Mar 2013  DEMONSTRATION ONLY
4	17:03 Fri 4 Oct 13	Acting as HOST
5	17:07 Fri 4 Oct 13	Startup FIDSxml v0.96 build 25 Mar 2013  DEMONSTRATION ONLY
4	17:07 Fri 4 Oct 13	Acting as HOST
5	17:12 Fri 4 Oct 13	Startup FIDSxml v0.96 build 25 Mar 2013  DEMONSTRATION ONLY
4	17:12 Fri 4 Oct 13	Acting as HOST
5	18:02 Fri 4 Oct 13	Startup FIDSxml v0.96 build 25 Mar 2013  DEMONSTRATION ONLY
4	18:02 Fri 4 Oct 13	Acting as HOST
5	18:11 Fri 4 Oct 13	Startup FIDSxml v0.96 build 25 Mar 2013  DEMONSTRATION ONLY
4	18:11 Fri 4 Oct 13	Acting as HOST
5	18:13 Fri 4 Oct 13	Startup FIDSxml v0.96 build 25 Mar 2013  DEMONSTRATION ONLY
4	18:13 Fri 4 Oct 13	Acting as HOST
5	18:21 Fri 4 Oct 13	Startup FIDSxml v0.96 build 25 Mar 2013  DEMONSTRATION ONLY
4	18:21 Fri 4 Oct 13	Acting as HOST
5	18:22 Fri 4 Oct 13	Startup FIDSxml v0.96 build 25 Mar 2013  DEMONSTRATION ONLY
4	18:22 Fri 4 Oct 13	Acting as HOST
5	18:23 Fri 4 Oct 13	Startup FIDSxml v0.96 build 25 Mar 2013  DEMONSTRATION ONLY
4	18:23 Fri 4 Oct 13	Acting as HOST
5	18:27 Fri 4 Oct 13	Startup FIDSxml v0.96 build 25 Mar 2013  DEMONSTRATION ONLY
4	18:27 Fri 4 Oct 13	Acting as HOST
5	18:30 Fri 4 Oct 13	Startup FIDSxml v0.96 build 25 Mar 2013  DEMONSTRATION ONLY
4	18:30 Fri 4 Oct 13	Acting as HOST
5	18:36 Fri 4 Oct 13	Startup FIDSxml v0.96 build 25 Mar 2013  DEMONSTRATION ONLY
4	18:36 Fri 4 Oct 13	Acting as HOST
5	18:38 Fri 4 Oct 13	Startup FIDSxml v0.96 build 25 Mar 2013  DEMONSTRATION ONLY
4	18:38 Fri 4 Oct 13	Acting as HOST
5	18:58 Fri 4 Oct 13	Startup FIDSxml v0.96 build 25 Mar 2013  DEMONSTRATION ONLY
4	18:58 Fri 4 Oct 13	Acting as HOST
5	18:59 Fri 4 Oct 13	Startup FIDSxml v0.96 build 25 Mar 2013  DEMONSTRATION ONLY
4	18:59 Fri 4 Oct 13	Acting as HOST
5	19:00 Fri 4 Oct 13	Startup FIDSxml v0.96 build 25 Mar 2013  DEMONSTRATION ONLY
4	19:00 Fri 4 Oct 13	Acting as HOST
5	19:08 Fri 4 Oct 13	Startup FIDSxml v0.96 build 25 Mar 2013  DEMONSTRATION ONLY
4	19:08 Fri 4 Oct 13	Acting as HOST
5	19:16 Fri 4 Oct 13	Startup FIDSxml v0.96 build 25 Mar 2013  DEMONSTRATION ONLY
4	19:16 Fri 4 Oct 13	Acting as HOST
5	20:51 Fri 4 Oct 13	Startup FIDSxml v0.96 build 25 Mar 2013  DEMONSTRATION ONLY
5	20:52 Fri 4 Oct 13	Startup FIDSxml v0.96 build 25 Mar 2013  DEMONSTRATION ONLY
4	20:52 Fri 4 Oct 13	Acting as HOST
5	20:54 Fri 4 Oct 13	Startup FIDSxml v0.96 build 25 Mar 2013  DEMONSTRATION ONLY
4	20:54 Fri 4 Oct 13	Acting as HOST
5	20:55 Fri 4 Oct 13	Startup FIDSxml v0.96 build 25 Mar 2013  DEMONSTRATION ONLY
4	20:55 Fri 4 Oct 13	Acting as HOST
5	09:29 Sat 5 Oct 13	Startup FIDSxml v0.96 build 25 Mar 2013  DEMONSTRATION ONLY
4	09:29 Sat 5 Oct 13	Acting as HOST
5	10:59 Sat 5 Oct 13	Startup FIDSxml v0.96 build 25 Mar 2013  DEMONSTRATION ONLY
4	10:59 Sat 5 Oct 13	Acting as HOST
5	14:14 Sat 5 Oct 13	Startup FIDSxml v0.96 build 25 Mar 2013  DEMONSTRATION ONLY
4	14:14 Sat 5 Oct 13	Acting as HOST
5	14:27 Sat 5 Oct 13	Startup FIDSxml v0.96 build 25 Mar 2013  DEMONSTRATION ONLY
4	14:27 Sat 5 Oct 13	Acting as HOST
5	14:38 Sat 5 Oct 13	Startup FIDSxml v0.96 build 25 Mar 2013  DEMONSTRATION ONLY
4	14:39 Sat 5 Oct 13	Acting as HOST
5	15:06 Sat 5 Oct 13	Startup FIDSxml v0.96 build 5 Oct 2013  DEMONSTRATION ONLY
5	15:07 Sat 5 Oct 13	Startup FIDSxml v0.96 build 5 Oct 2013  DEMONSTRATION ONLY
4	15:07 Sat 5 Oct 13	Acting as HOST
5	15:09 Sat 5 Oct 13	Startup FIDSxml v0.96 build 5 Oct 2013  DEMONSTRATION ONLY
4	15:09 Sat 5 Oct 13	Acting as HOST
5	15:13 Sat 5 Oct 13	Startup FIDSxml v0.96 build 5 Oct 2013  DEMONSTRATION ONLY
4	15:13 Sat 5 Oct 13	Acting as HOST
5	15:15 Sat 5 Oct 13	Startup FIDSxml v0.96 build 5 Oct 2013  DEMONSTRATION ONLY
4	15:15 Sat 5 Oct 13	Acting as HOST
5	16:23 Sat 5 Oct 13	Startup FIDSxml v0.96 build 5 Oct 2013  DEMONSTRATION ONLY
4	16:23 Sat 5 Oct 13	Acting as HOST
5	16:24 Sat 5 Oct 13	Startup FIDSxml v0.96 build 5 Oct 2013  DEMONSTRATION ONLY
4	16:24 Sat 5 Oct 13	Acting as HOST
5	16:27 Sat 5 Oct 13	Startup FIDSxml v0.96 build 5 Oct 2013  DEMONSTRATION ONLY
4	16:27 Sat 5 Oct 13	Acting as HOST
5	16:47 Sat 5 Oct 13	Startup FIDSxml v0.96 build 5 Oct 2013  DEMONSTRATION ONLY
4	16:47 Sat 5 Oct 13	Acting as HOST
5	18:37 Sat 5 Oct 13	Startup FIDSxml v0.96 build 5 Oct 2013  DEMONSTRATION ONLY
4	18:37 Sat 5 Oct 13	Acting as HOST
5	20:10 Sat 5 Oct 13	Startup FIDSxml v0.96 build 5 Oct 2013  DEMONSTRATION ONLY
4	20:10 Sat 5 Oct 13	Acting as HOST
5	22:16 Sat 5 Oct 13	Startup FIDSxml v0.96 build 5 Oct 2013  DEMONSTRATION ONLY
4	22:16 Sat 5 Oct 13	Acting as HOST
5	22:27 Sat 5 Oct 13	Startup FIDSxml v0.96 build 5 Oct 2013  DEMONSTRATION ONLY
4	22:27 Sat 5 Oct 13	Acting as HOST
5	22:32 Sat 5 Oct 13	Startup FIDSxml v0.96 build 5 Oct 2013  DEMONSTRATION ONLY
4	22:32 Sat 5 Oct 13	Acting as HOST
5	22:38 Sat 5 Oct 13	Startup FIDSxml v0.96 build 5 Oct 2013  DEMONSTRATION ONLY
4	22:38 Sat 5 Oct 13	Acting as HOST
5	22:51 Sat 5 Oct 13	Startup FIDSxml v0.96 build 5 Oct 2013  DEMONSTRATION ONLY
4	22:51 Sat 5 Oct 13	Acting as HOST
5	22:54 Sat 5 Oct 13	Startup FIDSxml v0.96 build 5 Oct 2013  DEMONSTRATION ONLY
4	22:54 Sat 5 Oct 13	Acting as HOST
5	22:59 Sat 5 Oct 13	Startup FIDSxml v0.96 build 5 Oct 2013  DEMONSTRATION ONLY
4	23:00 Sat 5 Oct 13	Acting as HOST
5	09:50 Sun 6 Oct 13	Startup FIDSxml v0.96 build 5 Oct 2013  DEMONSTRATION ONLY
4	09:50 Sun 6 Oct 13	Acting as HOST
5	09:56 Sun 6 Oct 13	Startup FIDSxml v0.96 build 5 Oct 2013  DEMONSTRATION ONLY
4	09:56 Sun 6 Oct 13	Acting as HOST
5	10:03 Sun 6 Oct 13	Startup FIDSxml v0.96 build 5 Oct 2013  DEMONSTRATION ONLY
4	10:03 Sun 6 Oct 13	Acting as HOST
5	10:06 Sun 6 Oct 13	Startup FIDSxml v0.96 build 5 Oct 2013  DEMONSTRATION ONLY
4	10:06 Sun 6 Oct 13	Acting as HOST
5	10:07 Sun 6 Oct 13	Startup FIDSxml v0.96 build 5 Oct 2013  DEMONSTRATION ONLY
4	10:07 Sun 6 Oct 13	Acting as HOST
5	10:52 Sun 6 Oct 13	Startup FIDSxml v0.96 build 5 Oct 2013  DEMONSTRATION ONLY
4	10:52 Sun 6 Oct 13	Acting as HOST
5	11:00 Sun 6 Oct 13	Startup FIDSxml v0.96 build 5 Oct 2013  DEMONSTRATION ONLY
4	11:00 Sun 6 Oct 13	Acting as HOST
5	11:04 Sun 6 Oct 13	Startup FIDSxml v0.96 build 5 Oct 2013  DEMONSTRATION ONLY
4	11:04 Sun 6 Oct 13	Acting as HOST
5	11:06 Sun 6 Oct 13	Startup FIDSxml v0.96 build 5 Oct 2013  DEMONSTRATION ONLY
4	11:06 Sun 6 Oct 13	Acting as HOST
5	11:16 Sun 6 Oct 13	Startup FIDSxml v0.96 build 5 Oct 2013  DEMONSTRATION ONLY
4	11:16 Sun 6 Oct 13	Acting as HOST
5	11:20 Sun 6 Oct 13	Startup FIDSxml v0.96 build 5 Oct 2013  DEMONSTRATION ONLY
4	11:20 Sun 6 Oct 13	Acting as HOST
5	11:26 Sun 6 Oct 13	Startup FIDSxml v0.96 build 5 Oct 2013  DEMONSTRATION ONLY
4	11:26 Sun 6 Oct 13	Acting as HOST
5	13:41 Sun 6 Oct 13	Startup FIDSxml v0.96 build 5 Oct 2013  DEMONSTRATION ONLY
4	13:41 Sun 6 Oct 13	Acting as HOST
5	13:50 Sun 6 Oct 13	Startup FIDSxml v0.96 build 5 Oct 2013  DEMONSTRATION ONLY
4	13:50 Sun 6 Oct 13	Acting as HOST
5	13:51 Sun 6 Oct 13	Startup FIDSxml v0.96 build 5 Oct 2013  DEMONSTRATION ONLY
4	13:51 Sun 6 Oct 13	Acting as HOST
5	13:52 Sun 6 Oct 13	Startup FIDSxml v0.96 build 5 Oct 2013  DEMONSTRATION ONLY
4	13:52 Sun 6 Oct 13	Acting as HOST
5	13:59 Sun 6 Oct 13	Startup FIDSxml v0.96 build 5 Oct 2013  DEMONSTRATION ONLY
4	13:59 Sun 6 Oct 13	Acting as HOST
5	14:06 Sun 6 Oct 13	Startup FIDSxml v0.96 build 5 Oct 2013  DEMONSTRATION ONLY
4	14:06 Sun 6 Oct 13	Acting as HOST
5	14:11 Sun 6 Oct 13	Startup FIDSxml v0.96 build 5 Oct 2013  DEMONSTRATION ONLY
4	14:11 Sun 6 Oct 13	Acting as HOST
5	14:40 Sun 6 Oct 13	Startup FIDSxml v0.96 build 5 Oct 2013  DEMONSTRATION ONLY
4	14:40 Sun 6 Oct 13	Acting as HOST
5	14:41 Sun 6 Oct 13	Startup FIDSxml v0.96 build 5 Oct 2013  DEMONSTRATION ONLY
4	14:41 Sun 6 Oct 13	Acting as HOST
5	14:56 Sun 6 Oct 13	Startup FIDSxml v0.96 build 5 Oct 2013  DEMONSTRATION ONLY
4	14:56 Sun 6 Oct 13	Acting as HOST
5	14:57 Sun 6 Oct 13	Startup FIDSxml v0.96 build 5 Oct 2013  DEMONSTRATION ONLY
4	14:57 Sun 6 Oct 13	Acting as HOST
5	15:03 Sun 6 Oct 13	Startup FIDSxml v0.96 build 5 Oct 2013  DEMONSTRATION ONLY
4	15:03 Sun 6 Oct 13	Acting as HOST
5	15:11 Sun 6 Oct 13	Startup FIDSxml v0.96 build 5 Oct 2013  DEMONSTRATION ONLY
4	15:11 Sun 6 Oct 13	Acting as HOST
5	15:17 Sun 6 Oct 13	Startup FIDSxml v0.96 build 5 Oct 2013  DEMONSTRATION ONLY
4	15:17 Sun 6 Oct 13	Acting as HOST
5	15:22 Sun 6 Oct 13	Startup FIDSxml v0.96 build 5 Oct 2013  DEMONSTRATION ONLY
4	15:22 Sun 6 Oct 13	Acting as HOST
5	15:26 Sun 6 Oct 13	Startup FIDSxml v0.96 build 5 Oct 2013  DEMONSTRATION ONLY
4	15:26 Sun 6 Oct 13	Acting as HOST
5	15:28 Sun 6 Oct 13	Startup FIDSxml v0.96 build 5 Oct 2013  DEMONSTRATION ONLY
4	15:28 Sun 6 Oct 13	Acting as HOST
5	15:30 Sun 6 Oct 13	Startup FIDSxml v0.96 build 5 Oct 2013  DEMONSTRATION ONLY
4	15:30 Sun 6 Oct 13	Acting as HOST
5	15:31 Sun 6 Oct 13	Startup FIDSxml v0.96 build 5 Oct 2013  DEMONSTRATION ONLY
4	15:31 Sun 6 Oct 13	Acting as HOST
5	15:49 Sun 6 Oct 13	Startup FIDSxml v0.96 build 5 Oct 2013  DEMONSTRATION ONLY
4	15:49 Sun 6 Oct 13	Acting as HOST
5	15:55 Sun 6 Oct 13	Startup FIDSxml v0.96 build 5 Oct 2013  DEMONSTRATION ONLY
4	15:55 Sun 6 Oct 13	Acting as HOST
5	16:21 Sun 6 Oct 13	Startup FIDSxml v0.96 build 5 Oct 2013  DEMONSTRATION ONLY
4	16:21 Sun 6 Oct 13	Acting as HOST
5	16:26 Sun 6 Oct 13	Startup FIDSxml v0.96 build 5 Oct 2013  DEMONSTRATION ONLY
4	16:26 Sun 6 Oct 13	Acting as HOST
5	16:36 Sun 6 Oct 13	Startup FIDSxml v0.96 build 5 Oct 2013  DEMONSTRATION ONLY
4	16:36 Sun 6 Oct 13	Acting as HOST
5	17:00 Sun 6 Oct 13	Startup FIDSxml v0.96 build 5 Oct 2013  DEMONSTRATION ONLY
4	17:00 Sun 6 Oct 13	Acting as HOST
5	17:03 Sun 6 Oct 13	Startup FIDSxml v0.96 build 5 Oct 2013  DEMONSTRATION ONLY
4	17:03 Sun 6 Oct 13	Acting as HOST
5	17:12 Sun 6 Oct 13	Startup FIDSxml v0.96 build 5 Oct 2013  DEMONSTRATION ONLY
4	17:12 Sun 6 Oct 13	Acting as HOST
5	17:13 Sun 6 Oct 13	Startup FIDSxml v0.96 build 5 Oct 2013  DEMONSTRATION ONLY
4	17:13 Sun 6 Oct 13	Acting as HOST
5	17:15 Sun 6 Oct 13	Startup FIDSxml v0.96 build 5 Oct 2013  DEMONSTRATION ONLY
4	17:15 Sun 6 Oct 13	Acting as HOST
5	17:38 Sun 6 Oct 13	Startup FIDSxml v0.96 build 5 Oct 2013  DEMONSTRATION ONLY
4	17:38 Sun 6 Oct 13	Acting as HOST
5	17:51 Sun 6 Oct 13	Startup FIDSxml v0.96 build 5 Oct 2013  DEMONSTRATION ONLY
4	17:51 Sun 6 Oct 13	Acting as HOST
5	17:57 Sun 6 Oct 13	Startup FIDSxml v0.96 build 5 Oct 2013  DEMONSTRATION ONLY
4	17:57 Sun 6 Oct 13	Acting as HOST
5	18:02 Sun 6 Oct 13	Startup FIDSxml v0.96 build 5 Oct 2013  DEMONSTRATION ONLY
4	18:02 Sun 6 Oct 13	Acting as HOST
5	18:06 Sun 6 Oct 13	Startup FIDSxml v0.96 build 5 Oct 2013  DEMONSTRATION ONLY
4	18:06 Sun 6 Oct 13	Acting as HOST
5	18:13 Sun 6 Oct 13	Startup FIDSxml v0.96 build 5 Oct 2013  DEMONSTRATION ONLY
4	18:13 Sun 6 Oct 13	Acting as HOST
5	18:22 Sun 6 Oct 13	Startup FIDSxml v0.96 build 5 Oct 2013  DEMONSTRATION ONLY
4	18:22 Sun 6 Oct 13	Acting as HOST
5	18:23 Sun 6 Oct 13	Startup FIDSxml v0.96 build 5 Oct 2013  DEMONSTRATION ONLY
4	18:23 Sun 6 Oct 13	Acting as HOST
5	18:24 Sun 6 Oct 13	Startup FIDSxml v0.96 build 5 Oct 2013  DEMONSTRATION ONLY
4	18:24 Sun 6 Oct 13	Acting as HOST
5	18:25 Sun 6 Oct 13	Startup FIDSxml v0.96 build 5 Oct 2013  DEMONSTRATION ONLY
4	18:25 Sun 6 Oct 13	Acting as HOST
5	18:28 Sun 6 Oct 13	Startup FIDSxml v0.96 build 5 Oct 2013  DEMONSTRATION ONLY
4	18:28 Sun 6 Oct 13	Acting as HOST
5	18:29 Sun 6 Oct 13	Startup FIDSxml v0.96 build 5 Oct 2013  DEMONSTRATION ONLY
4	18:29 Sun 6 Oct 13	Acting as HOST
5	18:32 Sun 6 Oct 13	Startup FIDSxml v0.96 build 5 Oct 2013  DEMONSTRATION ONLY
4	18:32 Sun 6 Oct 13	Acting as HOST
5	18:44 Sun 6 Oct 13	Startup FIDSxml v0.96 build 5 Oct 2013  DEMONSTRATION ONLY
4	18:44 Sun 6 Oct 13	Acting as HOST
5	18:46 Sun 6 Oct 13	Startup FIDSxml v0.96 build 5 Oct 2013  DEMONSTRATION ONLY
4	18:46 Sun 6 Oct 13	Acting as HOST
5	18:54 Sun 6 Oct 13	Startup FIDSxml v0.96 build 5 Oct 2013  DEMONSTRATION ONLY
4	18:54 Sun 6 Oct 13	Acting as HOST
5	18:55 Sun 6 Oct 13	Startup FIDSxml v0.96 build 5 Oct 2013  DEMONSTRATION ONLY
4	18:55 Sun 6 Oct 13	Acting as HOST
5	09:56 Mon 7 Oct 13	Startup FIDSxml v0.96 build 5 Oct 2013  DEMONSTRATION ONLY
4	09:56 Mon 7 Oct 13	Acting as HOST
5	10:02 Mon 7 Oct 13	Startup FIDSxml v0.96 build 5 Oct 2013  DEMONSTRATION ONLY
4	10:02 Mon 7 Oct 13	Acting as HOST
5	10:49 Mon 7 Oct 13	Startup FIDSxml v0.96 build 5 Oct 2013  DEMONSTRATION ONLY
4	10:49 Mon 7 Oct 13	Acting as HOST
5	10:54 Mon 7 Oct 13	Startup FIDSxml v0.96 build 5 Oct 2013  DEMONSTRATION ONLY
4	10:54 Mon 7 Oct 13	Acting as HOST
5	11:21 Mon 7 Oct 13	Startup FIDSxml v0.96 build 5 Oct 2013  DEMONSTRATION ONLY
4	11:21 Mon 7 Oct 13	Acting as HOST
5	11:42 Mon 7 Oct 13	Startup FIDSxml v0.96 build 5 Oct 2013  DEMONSTRATION ONLY
4	11:42 Mon 7 Oct 13	Acting as HOST
5	11:43 Mon 7 Oct 13	Startup FIDSxml v0.96 build 5 Oct 2013  DEMONSTRATION ONLY
4	11:43 Mon 7 Oct 13	Acting as HOST
5	11:44 Mon 7 Oct 13	Startup FIDSxml v0.96 build 5 Oct 2013  DEMONSTRATION ONLY
4	11:44 Mon 7 Oct 13	Acting as HOST
5	11:47 Mon 7 Oct 13	Startup FIDSxml v0.96 build 5 Oct 2013  DEMONSTRATION ONLY
4	11:47 Mon 7 Oct 13	Acting as HOST
5	11:48 Mon 7 Oct 13	Startup FIDSxml v0.96 build 5 Oct 2013  DEMONSTRATION ONLY
4	11:48 Mon 7 Oct 13	Acting as HOST
5	12:11 Mon 7 Oct 13	Startup FIDSxml v0.96 build 5 Oct 2013  DEMONSTRATION ONLY
4	12:11 Mon 7 Oct 13	Acting as HOST
5	12:11 Mon 7 Oct 13	Startup FIDSxml v0.96 build 5 Oct 2013  DEMONSTRATION ONLY
4	12:11 Mon 7 Oct 13	Acting as HOST
5	12:13 Mon 7 Oct 13	Startup FIDSxml v0.96 build 5 Oct 2013  DEMONSTRATION ONLY
4	12:13 Mon 7 Oct 13	Acting as HOST
5	12:15 Mon 7 Oct 13	Startup FIDSxml v0.96 build 5 Oct 2013  DEMONSTRATION ONLY
4	12:15 Mon 7 Oct 13	Acting as HOST
5	12:17 Mon 7 Oct 13	Startup FIDSxml v0.96 build 5 Oct 2013  DEMONSTRATION ONLY
4	12:17 Mon 7 Oct 13	Acting as HOST
5	14:20 Mon 7 Oct 13	Startup FIDSxml v0.96 build 5 Oct 2013  DEMONSTRATION ONLY
4	14:20 Mon 7 Oct 13	Acting as HOST
5	14:25 Mon 7 Oct 13	Startup FIDSxml v0.96 build 5 Oct 2013  DEMONSTRATION ONLY
4	14:25 Mon 7 Oct 13	Acting as HOST
5	14:29 Mon 7 Oct 13	Startup FIDSxml v0.96 build 5 Oct 2013  DEMONSTRATION ONLY
4	14:29 Mon 7 Oct 13	Acting as HOST
5	14:44 Mon 7 Oct 13	Startup FIDSxml v0.96 build 5 Oct 2013  DEMONSTRATION ONLY
4	14:44 Mon 7 Oct 13	Acting as HOST
5	14:54 Mon 7 Oct 13	Startup FIDSxml v0.96 build 5 Oct 2013  DEMONSTRATION ONLY
4	14:54 Mon 7 Oct 13	Acting as HOST
5	14:57 Mon 7 Oct 13	Startup FIDSxml v0.96 build 5 Oct 2013  DEMONSTRATION ONLY
4	14:57 Mon 7 Oct 13	Acting as HOST
5	15:17 Mon 7 Oct 13	Startup FIDSxml v0.96 build 5 Oct 2013  DEMONSTRATION ONLY
4	15:17 Mon 7 Oct 13	Acting as HOST
5	15:18 Mon 7 Oct 13	Startup FIDSxml v0.96 build 5 Oct 2013  DEMONSTRATION ONLY
4	15:18 Mon 7 Oct 13	Acting as HOST
5	15:20 Mon 7 Oct 13	Startup FIDSxml v0.96 build 5 Oct 2013  DEMONSTRATION ONLY
4	15:20 Mon 7 Oct 13	Acting as HOST
5	15:22 Mon 7 Oct 13	Startup FIDSxml v0.96 build 5 Oct 2013  DEMONSTRATION ONLY
4	15:22 Mon 7 Oct 13	Acting as HOST
5	15:42 Mon 7 Oct 13	Startup FIDSxml v0.96 build 5 Oct 2013  DEMONSTRATION ONLY
4	15:42 Mon 7 Oct 13	Acting as HOST
5	15:48 Mon 7 Oct 13	Startup FIDSxml v0.96 build 5 Oct 2013  DEMONSTRATION ONLY
4	15:48 Mon 7 Oct 13	Acting as HOST
5	16:06 Mon 7 Oct 13	Startup FIDSxml v0.96 build 5 Oct 2013  DEMONSTRATION ONLY
4	16:06 Mon 7 Oct 13	Acting as HOST
5	16:07 Mon 7 Oct 13	Startup FIDSxml v0.96 build 5 Oct 2013  DEMONSTRATION ONLY
4	16:07 Mon 7 Oct 13	Acting as HOST
5	16:11 Mon 7 Oct 13	Startup FIDSxml v0.96 build 5 Oct 2013  DEMONSTRATION ONLY
4	16:11 Mon 7 Oct 13	Acting as HOST
5	16:12 Mon 7 Oct 13	Startup FIDSxml v0.96 build 5 Oct 2013  DEMONSTRATION ONLY
4	16:12 Mon 7 Oct 13	Acting as HOST
5	16:31 Mon 7 Oct 13	Startup FIDSxml v0.96 build 5 Oct 2013  DEMONSTRATION ONLY
4	16:31 Mon 7 Oct 13	Acting as HOST
5	16:55 Mon 7 Oct 13	Startup FIDSxml v0.96 build 5 Oct 2013  DEMONSTRATION ONLY
4	16:55 Mon 7 Oct 13	Acting as HOST
5	08:23 Tue 8 Oct 13	Startup FIDSxml v0.96 build 5 Oct 2013  DEMONSTRATION ONLY
4	08:23 Tue 8 Oct 13	Acting as HOST
5	08:27 Tue 8 Oct 13	Startup FIDSxml v0.96 build 5 Oct 2013  DEMONSTRATION ONLY
4	08:27 Tue 8 Oct 13	Acting as HOST
5	08:28 Tue 8 Oct 13	Startup FIDSxml v0.96 build 5 Oct 2013  DEMONSTRATION ONLY
4	08:28 Tue 8 Oct 13	Acting as HOST
5	08:29 Tue 8 Oct 13	Startup FIDSxml v0.96 build 5 Oct 2013  DEMONSTRATION ONLY
4	08:29 Tue 8 Oct 13	Acting as HOST
5	08:31 Tue 8 Oct 13	Startup FIDSxml v0.96 build 5 Oct 2013  DEMONSTRATION ONLY
4	08:31 Tue 8 Oct 13	Acting as HOST
5	08:38 Tue 8 Oct 13	Startup FIDSxml v0.96 build 5 Oct 2013  DEMONSTRATION ONLY
4	08:38 Tue 8 Oct 13	Acting as HOST
5	08:47 Tue 8 Oct 13	Startup FIDSxml v0.96 build 5 Oct 2013  DEMONSTRATION ONLY
4	08:47 Tue 8 Oct 13	Acting as HOST
5	09:04 Tue 8 Oct 13	Startup FIDSxml v0.96 build 5 Oct 2013  DEMONSTRATION ONLY
4	09:04 Tue 8 Oct 13	Acting as HOST
5	09:04 Tue 8 Oct 13	Startup FIDSxml v0.96 build 5 Oct 2013  DEMONSTRATION ONLY
4	09:04 Tue 8 Oct 13	Acting as HOST
5	09:34 Tue 8 Oct 13	Startup FIDSxml v0.96 build 5 Oct 2013  DEMONSTRATION ONLY
4	09:34 Tue 8 Oct 13	Acting as HOST
5	10:03 Tue 8 Oct 13	Startup FIDSxml v0.96 build 5 Oct 2013  DEMONSTRATION ONLY
4	10:03 Tue 8 Oct 13	Acting as HOST
5	10:05 Tue 8 Oct 13	Startup FIDSxml v0.96 build 5 Oct 2013  DEMONSTRATION ONLY
4	10:05 Tue 8 Oct 13	Acting as HOST
5	10:09 Tue 8 Oct 13	Startup FIDSxml v0.96 build 5 Oct 2013  DEMONSTRATION ONLY
4	10:09 Tue 8 Oct 13	Acting as HOST
5	14:04 Tue 8 Oct 13	Startup FIDSxml v0.96 build 5 Oct 2013  DEMONSTRATION ONLY
4	14:04 Tue 8 Oct 13	Acting as HOST
5	14:10 Tue 8 Oct 13	Startup FIDSxml v0.96 build 5 Oct 2013  DEMONSTRATION ONLY
4	14:10 Tue 8 Oct 13	Acting as HOST
5	14:11 Tue 8 Oct 13	Startup FIDSxml v0.96 build 5 Oct 2013  DEMONSTRATION ONLY
4	14:11 Tue 8 Oct 13	Acting as HOST
5	14:24 Tue 8 Oct 13	Startup FIDSxml v0.96 build 5 Oct 2013  DEMONSTRATION ONLY
4	14:24 Tue 8 Oct 13	Acting as HOST
5	14:24 Tue 8 Oct 13	Startup FIDSxml v0.96 build 5 Oct 2013  DEMONSTRATION ONLY
4	14:24 Tue 8 Oct 13	Acting as HOST
5	14:41 Tue 8 Oct 13	Startup FIDSxml v0.96 build 5 Oct 2013  DEMONSTRATION ONLY
4	14:41 Tue 8 Oct 13	Acting as HOST
5	16:17 Tue 8 Oct 13	Startup FIDSxml v0.96 build 5 Oct 2013  DEMONSTRATION ONLY
4	16:17 Tue 8 Oct 13	Acting as HOST
5	17:15 Tue 8 Oct 13	Startup FIDSxml v0.96 build 5 Oct 2013  DEMONSTRATION ONLY
4	17:15 Tue 8 Oct 13	Acting as HOST
5	10:31 Wed 9 Oct 13	Startup FIDSxml v0.96 build 5 Oct 2013  DEMONSTRATION ONLY
4	10:31 Wed 9 Oct 13	Acting as HOST
5	10:33 Wed 9 Oct 13	Startup FIDSxml v0.96 build 5 Oct 2013  DEMONSTRATION ONLY
4	10:33 Wed 9 Oct 13	Acting as HOST
5	10:59 Wed 9 Oct 13	Startup FIDSxml v0.96 build 5 Oct 2013  DEMONSTRATION ONLY
4	10:59 Wed 9 Oct 13	Acting as HOST
5	11:00 Wed 9 Oct 13	Startup FIDSxml v0.96 build 5 Oct 2013  DEMONSTRATION ONLY
4	11:00 Wed 9 Oct 13	Acting as HOST
5	11:01 Wed 9 Oct 13	Startup FIDSxml v0.96 build 5 Oct 2013  DEMONSTRATION ONLY
4	11:01 Wed 9 Oct 13	Acting as HOST
5	11:14 Wed 9 Oct 13	Startup FIDSxml v0.96 build 5 Oct 2013  DEMONSTRATION ONLY
4	11:14 Wed 9 Oct 13	Acting as HOST
5	11:18 Wed 9 Oct 13	Startup FIDSxml v0.96 build 5 Oct 2013  DEMONSTRATION ONLY
4	11:18 Wed 9 Oct 13	Acting as HOST
5	11:22 Wed 9 Oct 13	Startup FIDSxml v0.96 build 5 Oct 2013  DEMONSTRATION ONLY
4	11:22 Wed 9 Oct 13	Acting as HOST
5	11:31 Wed 9 Oct 13	Startup FIDSxml v0.96 build 5 Oct 2013  DEMONSTRATION ONLY
4	11:31 Wed 9 Oct 13	Acting as HOST
5	21:48 Wed 9 Oct 13	Startup FIDSxml v0.96 build 5 Oct 2013  DEMONSTRATION ONLY
4	21:48 Wed 9 Oct 13	Acting as HOST
5	21:49 Wed 9 Oct 13	Startup FIDSxml v0.96 build 5 Oct 2013  DEMONSTRATION ONLY
4	21:49 Wed 9 Oct 13	Acting as HOST
5	22:47 Wed 9 Oct 13	Startup FIDSxml v0.96 build 5 Oct 2013  DEMONSTRATION ONLY
4	22:47 Wed 9 Oct 13	Acting as HOST
5	23:01 Wed 9 Oct 13	Startup FIDSxml v0.96 build 5 Oct 2013  DEMONSTRATION ONLY
4	23:01 Wed 9 Oct 13	Acting as HOST
5	23:05 Wed 9 Oct 13	Startup FIDSxml v0.96 build 5 Oct 2013  DEMONSTRATION ONLY
4	23:05 Wed 9 Oct 13	Acting as HOST
5	23:12 Wed 9 Oct 13	Startup FIDSxml v0.96 build 5 Oct 2013  DEMONSTRATION ONLY
4	23:12 Wed 9 Oct 13	Acting as HOST
5	23:15 Wed 9 Oct 13	Startup FIDSxml v0.96 build 5 Oct 2013  DEMONSTRATION ONLY
4	23:15 Wed 9 Oct 13	Acting as HOST
5	10:49 Thu 10 Oct 13	Startup FIDSxml v0.96 build 5 Oct 2013  DEMONSTRATION ONLY
4	10:49 Thu 10 Oct 13	Acting as HOST
5	10:57 Thu 10 Oct 13	Startup FIDSxml v0.96 build 5 Oct 2013  DEMONSTRATION ONLY
4	10:57 Thu 10 Oct 13	Acting as HOST
5	11:01 Thu 10 Oct 13	Startup FIDSxml v0.96 build 5 Oct 2013  DEMONSTRATION ONLY
4	11:01 Thu 10 Oct 13	Acting as HOST
5	11:01 Thu 10 Oct 13	Startup FIDSxml v0.96 build 5 Oct 2013  DEMONSTRATION ONLY
4	11:01 Thu 10 Oct 13	Acting as HOST
5	11:26 Thu 10 Oct 13	Startup FIDSxml v0.96 build 5 Oct 2013  DEMONSTRATION ONLY
4	11:26 Thu 10 Oct 13	Acting as HOST
5	11:49 Thu 10 Oct 13	Startup FIDSxml v0.96 build 5 Oct 2013  DEMONSTRATION ONLY
4	11:49 Thu 10 Oct 13	Acting as HOST
5	14:31 Thu 10 Oct 13	Startup FIDSxml v0.96 build 5 Oct 2013  DEMONSTRATION ONLY
4	14:31 Thu 10 Oct 13	Acting as HOST
5	14:32 Thu 10 Oct 13	Startup FIDSxml v0.96 build 5 Oct 2013  DEMONSTRATION ONLY
4	14:32 Thu 10 Oct 13	Acting as HOST
5	14:40 Thu 10 Oct 13	Startup FIDSxml v0.96 build 5 Oct 2013  DEMONSTRATION ONLY
4	14:40 Thu 10 Oct 13	Acting as HOST
5	14:48 Thu 10 Oct 13	Startup FIDSxml v0.96 build 5 Oct 2013  DEMONSTRATION ONLY
4	14:48 Thu 10 Oct 13	Acting as HOST
5	14:54 Thu 10 Oct 13	Startup FIDSxml v0.96 build 5 Oct 2013  DEMONSTRATION ONLY
4	14:54 Thu 10 Oct 13	Acting as HOST
5	15:23 Thu 10 Oct 13	Startup FIDSxml v0.96 build 5 Oct 2013  DEMONSTRATION ONLY
4	15:23 Thu 10 Oct 13	Acting as HOST
5	15:36 Thu 10 Oct 13	Startup FIDSxml v0.96 build 5 Oct 2013  DEMONSTRATION ONLY
4	15:36 Thu 10 Oct 13	Acting as HOST
5	16:17 Thu 10 Oct 13	Startup FIDSxml v0.96 build 5 Oct 2013  DEMONSTRATION ONLY
4	16:17 Thu 10 Oct 13	Acting as HOST
5	16:52 Thu 10 Oct 13	Startup FIDSxml v0.96 build 5 Oct 2013  DEMONSTRATION ONLY
4	16:52 Thu 10 Oct 13	Acting as HOST
5	17:45 Thu 10 Oct 13	Startup FIDSxml v0.96 build 5 Oct 2013  DEMONSTRATION ONLY
4	17:45 Thu 10 Oct 13	Acting as HOST
5	18:03 Thu 10 Oct 13	Startup FIDSxml v0.96 build 5 Oct 2013  DEMONSTRATION ONLY
4	18:03 Thu 10 Oct 13	Acting as HOST
5	18:08 Thu 10 Oct 13	Startup FIDSxml v0.96 build 5 Oct 2013  DEMONSTRATION ONLY
4	18:08 Thu 10 Oct 13	Acting as HOST
5	18:09 Thu 10 Oct 13	Startup FIDSxml v0.96 build 5 Oct 2013  DEMONSTRATION ONLY
4	18:09 Thu 10 Oct 13	Acting as HOST
5	18:10 Thu 10 Oct 13	Startup FIDSxml v0.96 build 5 Oct 2013  DEMONSTRATION ONLY
4	18:10 Thu 10 Oct 13	Acting as HOST
5	18:45 Thu 10 Oct 13	Startup FIDSxml v0.96 build 5 Oct 2013  DEMONSTRATION ONLY
4	18:45 Thu 10 Oct 13	Acting as HOST
5	18:47 Thu 10 Oct 13	Startup FIDSxml v0.96 build 5 Oct 2013  DEMONSTRATION ONLY
4	18:47 Thu 10 Oct 13	Acting as HOST
5	18:49 Thu 10 Oct 13	Startup FIDSxml v0.96 build 5 Oct 2013  DEMONSTRATION ONLY
4	18:49 Thu 10 Oct 13	Acting as HOST
5	19:14 Thu 10 Oct 13	Startup FIDSxml v0.96 build 5 Oct 2013  DEMONSTRATION ONLY
4	19:14 Thu 10 Oct 13	Acting as HOST
5	19:18 Thu 10 Oct 13	Startup FIDSxml v0.96 build 5 Oct 2013  DEMONSTRATION ONLY
4	19:18 Thu 10 Oct 13	Acting as HOST
5	20:49 Thu 10 Oct 13	Startup FIDSxml v0.96 build 5 Oct 2013  DEMONSTRATION ONLY
4	20:49 Thu 10 Oct 13	Acting as HOST
5	20:52 Thu 10 Oct 13	Startup FIDSxml v0.96 build 5 Oct 2013  DEMONSTRATION ONLY
4	20:52 Thu 10 Oct 13	Acting as HOST
5	21:00 Thu 10 Oct 13	Startup FIDSxml v0.96 build 5 Oct 2013  DEMONSTRATION ONLY
4	21:00 Thu 10 Oct 13	Acting as HOST
5	21:04 Thu 10 Oct 13	Startup FIDSxml v0.96 build 5 Oct 2013  DEMONSTRATION ONLY
4	21:04 Thu 10 Oct 13	Acting as HOST
5	08:23 Fri 11 Oct 13	Startup FIDSxml v0.96 build 5 Oct 2013  DEMONSTRATION ONLY
4	08:23 Fri 11 Oct 13	Acting as HOST
5	08:30 Fri 11 Oct 13	Startup FIDSxml v0.96 build 5 Oct 2013  DEMONSTRATION ONLY
4	08:30 Fri 11 Oct 13	Acting as HOST
5	08:35 Fri 11 Oct 13	Startup FIDSxml v0.96 build 5 Oct 2013  DEMONSTRATION ONLY
4	08:35 Fri 11 Oct 13	Acting as HOST
5	08:39 Fri 11 Oct 13	Startup FIDSxml v0.96 build 5 Oct 2013  DEMONSTRATION ONLY
4	08:39 Fri 11 Oct 13	Acting as HOST
5	08:49 Fri 11 Oct 13	Startup FIDSxml v0.96 build 5 Oct 2013  DEMONSTRATION ONLY
4	08:49 Fri 11 Oct 13	Acting as HOST
5	08:51 Fri 11 Oct 13	Startup FIDSxml v0.96 build 5 Oct 2013  DEMONSTRATION ONLY
4	08:51 Fri 11 Oct 13	Acting as HOST
5	08:52 Fri 11 Oct 13	Startup FIDSxml v0.96 build 5 Oct 2013  DEMONSTRATION ONLY
4	08:52 Fri 11 Oct 13	Acting as HOST
5	08:57 Fri 11 Oct 13	Startup FIDSxml v0.96 build 5 Oct 2013  DEMONSTRATION ONLY
4	08:57 Fri 11 Oct 13	Acting as HOST
5	08:59 Fri 11 Oct 13	Startup FIDSxml v0.96 build 5 Oct 2013  DEMONSTRATION ONLY
4	08:59 Fri 11 Oct 13	Acting as HOST
5	09:00 Fri 11 Oct 13	Startup FIDSxml v0.96 build 5 Oct 2013  DEMONSTRATION ONLY
4	09:00 Fri 11 Oct 13	Acting as HOST
5	09:00 Fri 11 Oct 13	Startup FIDSxml v0.96 build 5 Oct 2013  DEMONSTRATION ONLY
4	09:00 Fri 11 Oct 13	Acting as HOST
5	10:14 Fri 11 Oct 13	Startup FIDSxml v0.96 build 5 Oct 2013  DEMONSTRATION ONLY
4	10:14 Fri 11 Oct 13	Acting as HOST
5	10:16 Fri 11 Oct 13	Startup FIDSxml v0.96 build 5 Oct 2013  DEMONSTRATION ONLY
4	10:16 Fri 11 Oct 13	Acting as HOST
5	10:18 Fri 11 Oct 13	Startup FIDSxml v0.96 build 5 Oct 2013  DEMONSTRATION ONLY
4	10:18 Fri 11 Oct 13	Acting as HOST
5	10:19 Fri 11 Oct 13	Startup FIDSxml v0.96 build 5 Oct 2013  DEMONSTRATION ONLY
4	10:19 Fri 11 Oct 13	Acting as HOST
5	10:27 Fri 11 Oct 13	Startup FIDSxml v0.96 build 5 Oct 2013  DEMONSTRATION ONLY
4	10:27 Fri 11 Oct 13	Acting as HOST
5	10:29 Fri 11 Oct 13	Startup FIDSxml v0.96 build 5 Oct 2013  DEMONSTRATION ONLY
4	10:29 Fri 11 Oct 13	Acting as HOST
5	10:44 Fri 11 Oct 13	Startup FIDSxml v0.96 build 5 Oct 2013  DEMONSTRATION ONLY
4	10:44 Fri 11 Oct 13	Acting as HOST
5	11:00 Fri 11 Oct 13	Startup FIDSxml v0.96 build 5 Oct 2013  DEMONSTRATION ONLY
4	11:00 Fri 11 Oct 13	Acting as HOST
5	11:03 Fri 11 Oct 13	Startup FIDSxml v0.96 build 5 Oct 2013  DEMONSTRATION ONLY
4	11:03 Fri 11 Oct 13	Acting as HOST
5	11:05 Fri 11 Oct 13	Startup FIDSxml v0.96 build 5 Oct 2013  DEMONSTRATION ONLY
4	11:05 Fri 11 Oct 13	Acting as HOST
5	11:08 Fri 11 Oct 13	Startup FIDSxml v0.96 build 5 Oct 2013  DEMONSTRATION ONLY
4	11:08 Fri 11 Oct 13	Acting as HOST
5	11:26 Fri 11 Oct 13	Startup FIDSxml v0.96 build 5 Oct 2013  DEMONSTRATION ONLY
4	11:26 Fri 11 Oct 13	Acting as HOST
5	11:40 Fri 11 Oct 13	Startup FIDSxml v0.96 build 5 Oct 2013  DEMONSTRATION ONLY
4	11:40 Fri 11 Oct 13	Acting as HOST
5	11:42 Fri 11 Oct 13	Startup FIDSxml v0.96 build 5 Oct 2013  DEMONSTRATION ONLY
4	11:42 Fri 11 Oct 13	Acting as HOST
5	11:49 Fri 11 Oct 13	Startup FIDSxml v0.96 build 5 Oct 2013  DEMONSTRATION ONLY
4	11:49 Fri 11 Oct 13	Acting as HOST
5	11:50 Fri 11 Oct 13	Startup FIDSxml v0.96 build 5 Oct 2013  DEMONSTRATION ONLY
4	11:50 Fri 11 Oct 13	Acting as HOST
5	16:08 Fri 11 Oct 13	Startup FIDSxml v0.96 build 5 Oct 2013  DEMONSTRATION ONLY
4	16:08 Fri 11 Oct 13	Acting as HOST
5	16:14 Fri 11 Oct 13	Startup FIDSxml v0.96 build 5 Oct 2013  DEMONSTRATION ONLY
4	16:14 Fri 11 Oct 13	Acting as HOST
5	16:34 Fri 11 Oct 13	Startup FIDSxml v0.96 build 5 Oct 2013  DEMONSTRATION ONLY
4	16:34 Fri 11 Oct 13	Acting as HOST
5	17:03 Fri 11 Oct 13	Startup FIDSxml v0.96 build 5 Oct 2013  DEMONSTRATION ONLY
4	17:03 Fri 11 Oct 13	Acting as HOST
5	17:04 Fri 11 Oct 13	Startup FIDSxml v0.96 build 5 Oct 2013  DEMONSTRATION ONLY
4	17:04 Fri 11 Oct 13	Acting as HOST
5	17:06 Fri 11 Oct 13	Startup FIDSxml v0.96 build 5 Oct 2013  DEMONSTRATION ONLY
4	17:06 Fri 11 Oct 13	Acting as HOST
5	17:08 Fri 11 Oct 13	Startup FIDSxml v0.96 build 5 Oct 2013  DEMONSTRATION ONLY
4	17:08 Fri 11 Oct 13	Acting as HOST
5	17:20 Fri 11 Oct 13	Startup FIDSxml v0.96 build 5 Oct 2013  DEMONSTRATION ONLY
4	17:20 Fri 11 Oct 13	Acting as HOST
5	17:32 Fri 11 Oct 13	Startup FIDSxml v0.96 build 5 Oct 2013  DEMONSTRATION ONLY
4	17:32 Fri 11 Oct 13	Acting as HOST
5	17:41 Fri 11 Oct 13	Startup FIDSxml v0.96 build 5 Oct 2013  DEMONSTRATION ONLY
4	17:41 Fri 11 Oct 13	Acting as HOST
5	17:42 Fri 11 Oct 13	Startup FIDSxml v0.96 build 5 Oct 2013  DEMONSTRATION ONLY
4	17:42 Fri 11 Oct 13	Acting as HOST
5	17:44 Fri 11 Oct 13	Startup FIDSxml v0.96 build 5 Oct 2013  DEMONSTRATION ONLY
4	17:44 Fri 11 Oct 13	Acting as HOST
5	17:48 Fri 11 Oct 13	Startup FIDSxml v0.96 build 5 Oct 2013  DEMONSTRATION ONLY
4	17:48 Fri 11 Oct 13	Acting as HOST
5	17:50 Fri 11 Oct 13	Startup FIDSxml v0.96 build 5 Oct 2013  DEMONSTRATION ONLY
4	17:50 Fri 11 Oct 13	Acting as HOST
5	17:52 Fri 11 Oct 13	Startup FIDSxml v0.96 build 5 Oct 2013  DEMONSTRATION ONLY
4	17:52 Fri 11 Oct 13	Acting as HOST
5	17:53 Fri 11 Oct 13	Startup FIDSxml v0.96 build 5 Oct 2013  DEMONSTRATION ONLY
4	17:53 Fri 11 Oct 13	Acting as HOST
5	18:01 Fri 11 Oct 13	Startup FIDSxml v0.96 build 5 Oct 2013  DEMONSTRATION ONLY
4	18:01 Fri 11 Oct 13	Acting as HOST
5	18:03 Fri 11 Oct 13	Startup FIDSxml v0.96 build 5 Oct 2013  DEMONSTRATION ONLY
4	18:03 Fri 11 Oct 13	Acting as HOST
5	18:04 Fri 11 Oct 13	Startup FIDSxml v0.96 build 5 Oct 2013  DEMONSTRATION ONLY
4	18:04 Fri 11 Oct 13	Acting as HOST
5	18:05 Fri 11 Oct 13	Startup FIDSxml v0.96 build 5 Oct 2013  DEMONSTRATION ONLY
4	18:05 Fri 11 Oct 13	Acting as HOST
5	18:06 Fri 11 Oct 13	Startup FIDSxml v0.96 build 5 Oct 2013  DEMONSTRATION ONLY
4	18:06 Fri 11 Oct 13	Acting as HOST
5	18:08 Fri 11 Oct 13	Startup FIDSxml v0.96 build 5 Oct 2013  DEMONSTRATION ONLY
4	18:08 Fri 11 Oct 13	Acting as HOST
5	18:14 Fri 11 Oct 13	Startup FIDSxml v0.96 build 5 Oct 2013  DEMONSTRATION ONLY
4	18:14 Fri 11 Oct 13	Acting as HOST
5	18:15 Fri 11 Oct 13	Startup FIDSxml v0.96 build 5 Oct 2013  DEMONSTRATION ONLY
4	18:15 Fri 11 Oct 13	Acting as HOST
5	18:18 Fri 11 Oct 13	Startup FIDSxml v0.96 build 5 Oct 2013  DEMONSTRATION ONLY
4	18:18 Fri 11 Oct 13	Acting as HOST
5	18:19 Fri 11 Oct 13	Startup FIDSxml v0.96 build 5 Oct 2013  DEMONSTRATION ONLY
4	18:19 Fri 11 Oct 13	Acting as HOST
5	18:37 Fri 11 Oct 13	Startup FIDSxml v0.96 build 5 Oct 2013  DEMONSTRATION ONLY
4	18:37 Fri 11 Oct 13	Acting as HOST
5	08:27 Sat 12 Oct 13	Startup FIDSxml v0.96 build 5 Oct 2013  DEMONSTRATION ONLY
4	08:27 Sat 12 Oct 13	Acting as HOST
5	08:30 Sat 12 Oct 13	Startup FIDSxml v0.96 build 5 Oct 2013  DEMONSTRATION ONLY
4	08:30 Sat 12 Oct 13	Acting as HOST
5	08:36 Sat 12 Oct 13	Startup FIDSxml v0.96 build 5 Oct 2013  DEMONSTRATION ONLY
4	08:36 Sat 12 Oct 13	Acting as HOST
5	08:41 Sat 12 Oct 13	Startup FIDSxml v0.96 build 5 Oct 2013  DEMONSTRATION ONLY
4	08:41 Sat 12 Oct 13	Acting as HOST
5	08:45 Sat 12 Oct 13	Startup FIDSxml v0.96 build 5 Oct 2013  DEMONSTRATION ONLY
4	08:45 Sat 12 Oct 13	Acting as HOST
5	08:55 Sat 12 Oct 13	Startup FIDSxml v0.96 build 5 Oct 2013  DEMONSTRATION ONLY
4	08:55 Sat 12 Oct 13	Acting as HOST
5	08:59 Sat 12 Oct 13	Startup FIDSxml v0.96 build 5 Oct 2013  DEMONSTRATION ONLY
4	08:59 Sat 12 Oct 13	Acting as HOST
5	09:33 Sat 12 Oct 13	Startup FIDSxml v0.96 build 5 Oct 2013  DEMONSTRATION ONLY
4	09:33 Sat 12 Oct 13	Acting as HOST
5	09:59 Sat 12 Oct 13	Startup FIDSxml v0.96 build 5 Oct 2013  DEMONSTRATION ONLY
4	09:59 Sat 12 Oct 13	Acting as HOST
5	10:01 Sat 12 Oct 13	Startup FIDSxml v0.96 build 5 Oct 2013  DEMONSTRATION ONLY
4	10:01 Sat 12 Oct 13	Acting as HOST
5	10:06 Sat 12 Oct 13	Startup FIDSxml v0.96 build 5 Oct 2013  DEMONSTRATION ONLY
4	10:06 Sat 12 Oct 13	Acting as HOST
5	10:20 Sat 12 Oct 13	Startup FIDSxml v0.96 build 5 Oct 2013  DEMONSTRATION ONLY
4	10:20 Sat 12 Oct 13	Acting as HOST
5	10:44 Sat 12 Oct 13	Startup FIDSxml v0.96 build 5 Oct 2013  DEMONSTRATION ONLY
4	10:44 Sat 12 Oct 13	Acting as HOST
5	11:07 Sat 12 Oct 13	Startup FIDSxml v0.96 build 5 Oct 2013  DEMONSTRATION ONLY
4	11:07 Sat 12 Oct 13	Acting as HOST
5	11:15 Sat 12 Oct 13	Startup FIDSxml v0.96 build 5 Oct 2013  DEMONSTRATION ONLY
4	11:15 Sat 12 Oct 13	Acting as HOST
5	11:17 Sat 12 Oct 13	Startup FIDSxml v0.96 build 5 Oct 2013  DEMONSTRATION ONLY
4	11:17 Sat 12 Oct 13	Acting as HOST
5	11:20 Sat 12 Oct 13	Startup FIDSxml v0.96 build 5 Oct 2013  DEMONSTRATION ONLY
4	11:20 Sat 12 Oct 13	Acting as HOST
5	11:41 Sat 12 Oct 13	Startup FIDSxml v0.96 build 5 Oct 2013  DEMONSTRATION ONLY
4	11:41 Sat 12 Oct 13	Acting as HOST
5	11:47 Sat 12 Oct 13	Startup FIDSxml v0.96 build 5 Oct 2013  DEMONSTRATION ONLY
4	11:47 Sat 12 Oct 13	Acting as HOST
5	11:48 Sat 12 Oct 13	Startup FIDSxml v0.96 build 5 Oct 2013  DEMONSTRATION ONLY
4	11:48 Sat 12 Oct 13	Acting as HOST
5	11:51 Sat 12 Oct 13	Startup FIDSxml v0.96 build 5 Oct 2013  DEMONSTRATION ONLY
4	11:51 Sat 12 Oct 13	Acting as HOST
5	12:24 Sat 12 Oct 13	Startup FIDSxml v0.96 build 5 Oct 2013  DEMONSTRATION ONLY
4	12:24 Sat 12 Oct 13	Acting as HOST
5	12:29 Sat 12 Oct 13	Startup FIDSxml v0.96 build 5 Oct 2013  DEMONSTRATION ONLY
4	12:29 Sat 12 Oct 13	Acting as HOST
5	12:34 Sat 12 Oct 13	Startup FIDSxml v0.96 build 5 Oct 2013  DEMONSTRATION ONLY
4	12:34 Sat 12 Oct 13	Acting as HOST
5	12:35 Sat 12 Oct 13	Startup FIDSxml v0.96 build 5 Oct 2013  DEMONSTRATION ONLY
4	12:35 Sat 12 Oct 13	Acting as HOST
5	14:26 Sat 12 Oct 13	Startup FIDSxml v0.96 build 5 Oct 2013  DEMONSTRATION ONLY
4	14:26 Sat 12 Oct 13	Acting as HOST
5	14:26 Sat 12 Oct 13	Startup FIDSxml v0.96 build 5 Oct 2013  DEMONSTRATION ONLY
4	14:26 Sat 12 Oct 13	Acting as HOST
5	14:29 Sat 12 Oct 13	Startup FIDSxml v0.96 build 5 Oct 2013  DEMONSTRATION ONLY
4	14:29 Sat 12 Oct 13	Acting as HOST
5	14:37 Sat 12 Oct 13	Startup FIDSxml v0.96 build 5 Oct 2013  DEMONSTRATION ONLY
4	14:37 Sat 12 Oct 13	Acting as HOST
5	14:47 Sat 12 Oct 13	Startup FIDSxml v0.96 build 5 Oct 2013  DEMONSTRATION ONLY
4	14:47 Sat 12 Oct 13	Acting as HOST
5	14:47 Sat 12 Oct 13	Startup FIDSxml v0.96 build 5 Oct 2013  DEMONSTRATION ONLY
4	14:47 Sat 12 Oct 13	Acting as HOST
5	15:09 Sat 12 Oct 13	Startup FIDSxml v0.96 build 5 Oct 2013  DEMONSTRATION ONLY
4	15:09 Sat 12 Oct 13	Acting as HOST
5	15:23 Sat 12 Oct 13	Startup FIDSxml v0.96 build 5 Oct 2013  DEMONSTRATION ONLY
4	15:23 Sat 12 Oct 13	Acting as HOST
5	15:35 Sat 12 Oct 13	Startup FIDSxml v0.96 build 5 Oct 2013  DEMONSTRATION ONLY
4	15:35 Sat 12 Oct 13	Acting as HOST
5	15:35 Sat 12 Oct 13	Startup FIDSxml v0.96 build 5 Oct 2013  DEMONSTRATION ONLY
4	15:35 Sat 12 Oct 13	Acting as HOST
5	15:45 Sat 12 Oct 13	Startup FIDSxml v0.96 build 5 Oct 2013  DEMONSTRATION ONLY
4	15:45 Sat 12 Oct 13	Acting as HOST
5	15:46 Sat 12 Oct 13	Startup FIDSxml v0.96 build 5 Oct 2013  DEMONSTRATION ONLY
4	15:46 Sat 12 Oct 13	Acting as HOST
5	15:48 Sat 12 Oct 13	Startup FIDSxml v0.96 build 5 Oct 2013  DEMONSTRATION ONLY
4	15:48 Sat 12 Oct 13	Acting as HOST
5	15:51 Sat 12 Oct 13	Startup FIDSxml v0.96 build 5 Oct 2013  DEMONSTRATION ONLY
4	15:51 Sat 12 Oct 13	Acting as HOST
5	15:54 Sat 12 Oct 13	Startup FIDSxml v0.96 build 5 Oct 2013  DEMONSTRATION ONLY
4	15:54 Sat 12 Oct 13	Acting as HOST
5	15:55 Sat 12 Oct 13	Startup FIDSxml v0.96 build 5 Oct 2013  DEMONSTRATION ONLY
4	15:55 Sat 12 Oct 13	Acting as HOST
5	15:56 Sat 12 Oct 13	Startup FIDSxml v0.96 build 5 Oct 2013  DEMONSTRATION ONLY
4	15:56 Sat 12 Oct 13	Acting as HOST
5	15:58 Sat 12 Oct 13	Startup FIDSxml v0.96 build 5 Oct 2013  DEMONSTRATION ONLY
4	15:58 Sat 12 Oct 13	Acting as HOST
5	16:03 Sat 12 Oct 13	Startup FIDSxml v0.96 build 5 Oct 2013  DEMONSTRATION ONLY
4	16:03 Sat 12 Oct 13	Acting as HOST
5	16:09 Sat 12 Oct 13	Startup FIDSxml v0.96 build 5 Oct 2013  DEMONSTRATION ONLY
4	16:09 Sat 12 Oct 13	Acting as HOST
5	16:11 Sat 12 Oct 13	Startup FIDSxml v0.96 build 5 Oct 2013  DEMONSTRATION ONLY
4	16:11 Sat 12 Oct 13	Acting as HOST
5	16:26 Sat 12 Oct 13	Startup FIDSxml v0.96 build 5 Oct 2013  DEMONSTRATION ONLY
4	16:26 Sat 12 Oct 13	Acting as HOST
5	16:34 Sat 12 Oct 13	Startup FIDSxml v0.96 build 5 Oct 2013  DEMONSTRATION ONLY
4	16:34 Sat 12 Oct 13	Acting as HOST
5	16:38 Sat 12 Oct 13	Startup FIDSxml v0.96 build 5 Oct 2013  DEMONSTRATION ONLY
4	16:38 Sat 12 Oct 13	Acting as HOST
5	16:40 Sat 12 Oct 13	Startup FIDSxml v0.96 build 5 Oct 2013  DEMONSTRATION ONLY
4	16:40 Sat 12 Oct 13	Acting as HOST
5	16:42 Sat 12 Oct 13	Startup FIDSxml v0.96 build 5 Oct 2013  DEMONSTRATION ONLY
4	16:42 Sat 12 Oct 13	Acting as HOST
5	16:54 Sat 12 Oct 13	Startup FIDSxml v0.96 build 5 Oct 2013  DEMONSTRATION ONLY
4	16:54 Sat 12 Oct 13	Acting as HOST
5	16:56 Sat 12 Oct 13	Startup FIDSxml v0.96 build 5 Oct 2013  DEMONSTRATION ONLY
4	16:56 Sat 12 Oct 13	Acting as HOST
5	16:56 Sat 12 Oct 13	Startup FIDSxml v0.96 build 5 Oct 2013  DEMONSTRATION ONLY
4	16:56 Sat 12 Oct 13	Acting as HOST
5	17:27 Sat 12 Oct 13	Startup FIDSxml v0.96 build 5 Oct 2013  DEMONSTRATION ONLY
4	17:27 Sat 12 Oct 13	Acting as HOST
5	17:30 Sat 12 Oct 13	Startup FIDSxml v0.96 build 5 Oct 2013  DEMONSTRATION ONLY
4	17:30 Sat 12 Oct 13	Acting as HOST
5	23:12 Sat 12 Oct 13	Startup FIDSxml v0.96 build 5 Oct 2013  DEMONSTRATION ONLY
4	23:12 Sat 12 Oct 13	Acting as HOST
5	23:16 Sat 12 Oct 13	Startup FIDSxml v0.96 build 5 Oct 2013  DEMONSTRATION ONLY
4	23:16 Sat 12 Oct 13	Acting as HOST
5	23:17 Sat 12 Oct 13	Startup FIDSxml v0.96 build 5 Oct 2013  DEMONSTRATION ONLY
4	23:17 Sat 12 Oct 13	Acting as HOST
5	23:19 Sat 12 Oct 13	Startup FIDSxml v0.96 build 5 Oct 2013  DEMONSTRATION ONLY
4	23:19 Sat 12 Oct 13	Acting as HOST
5	23:31 Sat 12 Oct 13	Startup FIDSxml v0.96 build 5 Oct 2013  DEMONSTRATION ONLY
4	23:31 Sat 12 Oct 13	Acting as HOST
5	23:33 Sat 12 Oct 13	Startup FIDSxml v0.96 build 5 Oct 2013  DEMONSTRATION ONLY
4	23:33 Sat 12 Oct 13	Acting as HOST
5	23:38 Sat 12 Oct 13	Startup FIDSxml v0.96 build 5 Oct 2013  DEMONSTRATION ONLY
4	23:38 Sat 12 Oct 13	Acting as HOST
5	23:39 Sat 12 Oct 13	Startup FIDSxml v0.96 build 5 Oct 2013  DEMONSTRATION ONLY
4	23:39 Sat 12 Oct 13	Acting as HOST
5	23:57 Sat 12 Oct 13	Startup FIDSxml v0.96 build 5 Oct 2013  DEMONSTRATION ONLY
4	23:57 Sat 12 Oct 13	Acting as HOST
5	07:54 Sun 13 Oct 13	Startup FIDSxml v0.96 build 5 Oct 2013  DEMONSTRATION ONLY
4	07:54 Sun 13 Oct 13	Acting as HOST
5	09:01 Sun 13 Oct 13	Startup FIDSxml v0.96 build 5 Oct 2013  DEMONSTRATION ONLY
4	09:01 Sun 13 Oct 13	Acting as HOST
5	09:07 Sun 13 Oct 13	Startup FIDSxml v0.96 build 5 Oct 2013  DEMONSTRATION ONLY
4	09:07 Sun 13 Oct 13	Acting as HOST
5	09:09 Sun 13 Oct 13	Startup FIDSxml v0.96 build 5 Oct 2013  DEMONSTRATION ONLY
4	09:09 Sun 13 Oct 13	Acting as HOST
5	09:33 Sun 13 Oct 13	Startup FIDSxml v0.96 build 5 Oct 2013  DEMONSTRATION ONLY
4	09:33 Sun 13 Oct 13	Acting as HOST
5	10:01 Sun 13 Oct 13	Startup FIDSxml v0.96 build 5 Oct 2013  DEMONSTRATION ONLY
4	10:01 Sun 13 Oct 13	Acting as HOST
5	10:02 Sun 13 Oct 13	Startup FIDSxml v0.96 build 5 Oct 2013  DEMONSTRATION ONLY
4	10:02 Sun 13 Oct 13	Acting as HOST
5	10:04 Sun 13 Oct 13	Startup FIDSxml v0.96 build 5 Oct 2013  DEMONSTRATION ONLY
4	10:04 Sun 13 Oct 13	Acting as HOST
5	10:06 Sun 13 Oct 13	Startup FIDSxml v0.96 build 5 Oct 2013  DEMONSTRATION ONLY
4	10:06 Sun 13 Oct 13	Acting as HOST
5	10:08 Sun 13 Oct 13	Startup FIDSxml v0.96 build 5 Oct 2013  DEMONSTRATION ONLY
4	10:08 Sun 13 Oct 13	Acting as HOST
5	10:26 Sun 13 Oct 13	Startup FIDSxml v0.96 build 5 Oct 2013  DEMONSTRATION ONLY
4	10:26 Sun 13 Oct 13	Acting as HOST
5	11:09 Sun 13 Oct 13	Startup FIDSxml v0.96 build 5 Oct 2013  DEMONSTRATION ONLY
4	11:09 Sun 13 Oct 13	Acting as HOST
5	12:18 Sun 13 Oct 13	Startup FIDSxml v0.96 build 5 Oct 2013  DEMONSTRATION ONLY
4	12:18 Sun 13 Oct 13	Acting as HOST
5	12:32 Sun 13 Oct 13	Startup FIDSxml v0.96 build 5 Oct 2013  DEMONSTRATION ONLY
4	12:32 Sun 13 Oct 13	Acting as HOST
5	12:32 Sun 13 Oct 13	Startup FIDSxml v0.96 build 5 Oct 2013  DEMONSTRATION ONLY
4	12:32 Sun 13 Oct 13	Acting as HOST
5	13:44 Sun 13 Oct 13	Startup FIDSxml v0.96 build 5 Oct 2013  DEMONSTRATION ONLY
4	13:44 Sun 13 Oct 13	Acting as HOST
5	14:34 Sun 13 Oct 13	Startup FIDSxml v0.96 build 5 Oct 2013  DEMONSTRATION ONLY
4	14:34 Sun 13 Oct 13	Acting as HOST
5	14:36 Sun 13 Oct 13	Startup FIDSxml v0.96 build 5 Oct 2013  DEMONSTRATION ONLY
4	14:36 Sun 13 Oct 13	Acting as HOST
5	14:37 Sun 13 Oct 13	Startup FIDSxml v0.96 build 5 Oct 2013  DEMONSTRATION ONLY
4	14:37 Sun 13 Oct 13	Acting as HOST
5	14:40 Sun 13 Oct 13	Startup FIDSxml v0.96 build 5 Oct 2013  DEMONSTRATION ONLY
4	14:40 Sun 13 Oct 13	Acting as HOST
5	14:41 Sun 13 Oct 13	Startup FIDSxml v0.96 build 5 Oct 2013  DEMONSTRATION ONLY
4	14:41 Sun 13 Oct 13	Acting as HOST
5	14:42 Sun 13 Oct 13	Startup FIDSxml v0.96 build 5 Oct 2013  DEMONSTRATION ONLY
4	14:42 Sun 13 Oct 13	Acting as HOST
5	15:57 Sun 13 Oct 13	Startup FIDSxml v0.96 build 5 Oct 2013  DEMONSTRATION ONLY
4	15:57 Sun 13 Oct 13	Acting as HOST
5	15:58 Sun 13 Oct 13	Startup FIDSxml v0.96 build 5 Oct 2013  DEMONSTRATION ONLY
4	15:58 Sun 13 Oct 13	Acting as HOST
5	16:00 Sun 13 Oct 13	Startup FIDSxml v0.96 build 5 Oct 2013  DEMONSTRATION ONLY
4	16:00 Sun 13 Oct 13	Acting as HOST
5	16:01 Sun 13 Oct 13	Startup FIDSxml v0.96 build 5 Oct 2013  DEMONSTRATION ONLY
4	16:01 Sun 13 Oct 13	Acting as HOST
5	16:02 Sun 13 Oct 13	Startup FIDSxml v0.96 build 5 Oct 2013  DEMONSTRATION ONLY
4	16:02 Sun 13 Oct 13	Acting as HOST
5	16:12 Sun 13 Oct 13	Startup FIDSxml v0.96 build 5 Oct 2013  DEMONSTRATION ONLY
4	16:12 Sun 13 Oct 13	Acting as HOST
5	16:13 Sun 13 Oct 13	Startup FIDSxml v0.96 build 5 Oct 2013  DEMONSTRATION ONLY
4	16:13 Sun 13 Oct 13	Acting as HOST
5	16:19 Sun 13 Oct 13	Startup FIDSxml v0.96 build 5 Oct 2013  DEMONSTRATION ONLY
4	16:19 Sun 13 Oct 13	Acting as HOST
5	16:20 Sun 13 Oct 13	Startup FIDSxml v0.96 build 5 Oct 2013  DEMONSTRATION ONLY
4	16:20 Sun 13 Oct 13	Acting as HOST
5	16:20 Sun 13 Oct 13	Startup FIDSxml v0.96 build 5 Oct 2013  DEMONSTRATION ONLY
4	16:20 Sun 13 Oct 13	Acting as HOST
5	16:32 Sun 13 Oct 13	Startup FIDSxml v0.96 build 5 Oct 2013  DEMONSTRATION ONLY
4	16:32 Sun 13 Oct 13	Acting as HOST
5	16:33 Sun 13 Oct 13	Startup FIDSxml v0.96 build 5 Oct 2013  DEMONSTRATION ONLY
4	16:33 Sun 13 Oct 13	Acting as HOST
5	16:35 Sun 13 Oct 13	Startup FIDSxml v0.96 build 5 Oct 2013  DEMONSTRATION ONLY
4	16:35 Sun 13 Oct 13	Acting as HOST
5	16:39 Sun 13 Oct 13	Startup FIDSxml v0.96 build 5 Oct 2013  DEMONSTRATION ONLY
4	16:39 Sun 13 Oct 13	Acting as HOST
5	16:40 Sun 13 Oct 13	Startup FIDSxml v0.96 build 5 Oct 2013  DEMONSTRATION ONLY
4	16:40 Sun 13 Oct 13	Acting as HOST
5	16:41 Sun 13 Oct 13	Startup FIDSxml v0.96 build 5 Oct 2013  DEMONSTRATION ONLY
4	16:41 Sun 13 Oct 13	Acting as HOST
5	21:47 Sun 13 Oct 13	Startup FIDSxml v0.96 build 5 Oct 2013  DEMONSTRATION ONLY
4	21:47 Sun 13 Oct 13	Acting as HOST
5	21:49 Sun 13 Oct 13	Startup FIDSxml v0.96 build 5 Oct 2013  DEMONSTRATION ONLY
4	21:49 Sun 13 Oct 13	Acting as HOST
5	21:51 Sun 13 Oct 13	Startup FIDSxml v0.96 build 5 Oct 2013  DEMONSTRATION ONLY
4	21:51 Sun 13 Oct 13	Acting as HOST
5	22:03 Sun 13 Oct 13	Startup FIDSxml v0.96 build 5 Oct 2013  DEMONSTRATION ONLY
4	22:03 Sun 13 Oct 13	Acting as HOST
5	22:07 Sun 13 Oct 13	Startup FIDSxml v0.96 build 5 Oct 2013  DEMONSTRATION ONLY
4	22:07 Sun 13 Oct 13	Acting as HOST
5	22:08 Sun 13 Oct 13	Startup FIDSxml v0.96 build 5 Oct 2013  DEMONSTRATION ONLY
4	22:08 Sun 13 Oct 13	Acting as HOST
5	22:15 Sun 13 Oct 13	Startup FIDSxml v0.96 build 5 Oct 2013  DEMONSTRATION ONLY
4	22:15 Sun 13 Oct 13	Acting as HOST
5	22:17 Sun 13 Oct 13	Startup FIDSxml v0.96 build 5 Oct 2013  DEMONSTRATION ONLY
4	22:17 Sun 13 Oct 13	Acting as HOST
5	11:33 Wed 16 Oct 13	Startup FIDSxml v0.96 build 5 Oct 2013  DEMONSTRATION ONLY
5	11:38 Wed 16 Oct 13	Startup FIDSxml v0.96 build 5 Oct 2013  DEMONSTRATION ONLY
5	11:38 Wed 16 Oct 13	Startup FIDSxml v0.96 build 5 Oct 2013  DEMONSTRATION ONLY
5	11:46 Wed 16 Oct 13	Startup FIDSxml v0.96 build 5 Oct 2013  DEMONSTRATION ONLY
5	11:48 Wed 16 Oct 13	Startup FIDSxml v0.96 build 5 Oct 2013  DEMONSTRATION ONLY
5	11:49 Wed 16 Oct 13	Startup FIDSxml v0.96 build 5 Oct 2013  DEMONSTRATION ONLY
5	13:08 Wed 16 Oct 13	Startup FIDSxml v0.96 build 5 Oct 2013  DEMONSTRATION ONLY
4	13:09 Wed 16 Oct 13	Acting as HOST
5	13:11 Wed 16 Oct 13	Startup FIDSxml v0.96 build 5 Oct 2013  DEMONSTRATION ONLY
5	14:31 Wed 16 Oct 13	Startup FIDSxml v0.96 build 5 Oct 2013  DEMONSTRATION ONLY
5	14:33 Wed 16 Oct 13	Startup FIDSxml v0.96 build 5 Oct 2013  DEMONSTRATION ONLY
5	14:41 Wed 16 Oct 13	Startup FIDSxml v0.96 build 5 Oct 2013  DEMONSTRATION ONLY
5	14:42 Wed 16 Oct 13	Startup FIDSxml v0.96 build 5 Oct 2013  DEMONSTRATION ONLY
4	14:44 Wed 16 Oct 13	Acting as HOST
5	14:46 Wed 16 Oct 13	Startup FIDSxml v0.96 build 5 Oct 2013  DEMONSTRATION ONLY
4	14:52 Wed 16 Oct 13	Acting as HOST
5	14:56 Wed 16 Oct 13	Startup FIDSxml v0.96 build 5 Oct 2013  DEMONSTRATION ONLY
4	14:56 Wed 16 Oct 13	Acting as HOST
5	14:59 Wed 16 Oct 13	Startup FIDSxml v0.96 build 5 Oct 2013  DEMONSTRATION ONLY
4	14:59 Wed 16 Oct 13	Acting as HOST
5	15:17 Wed 16 Oct 13	Startup FIDSxml v0.96 build 5 Oct 2013  DEMONSTRATION ONLY
4	15:17 Wed 16 Oct 13	Acting as HOST
5	15:32 Wed 16 Oct 13	Startup FIDSxml v0.96 build 5 Oct 2013  DEMONSTRATION ONLY
4	15:32 Wed 16 Oct 13	Acting as HOST
5	15:32 Wed 16 Oct 13	Startup FIDSxml v0.96 build 5 Oct 2013  DEMONSTRATION ONLY
4	15:32 Wed 16 Oct 13	Acting as HOST
5	15:34 Wed 16 Oct 13	Startup FIDSxml v0.96 build 5 Oct 2013  DEMONSTRATION ONLY
4	15:34 Wed 16 Oct 13	Acting as HOST
5	15:35 Wed 16 Oct 13	Startup FIDSxml v0.96 build 5 Oct 2013  DEMONSTRATION ONLY
4	15:35 Wed 16 Oct 13	Acting as HOST
5	15:38 Wed 16 Oct 13	Startup FIDSxml v0.96 build 5 Oct 2013  DEMONSTRATION ONLY
4	15:38 Wed 16 Oct 13	Acting as HOST
5	15:42 Wed 16 Oct 13	Startup FIDSxml v0.96 build 5 Oct 2013  DEMONSTRATION ONLY
4	15:42 Wed 16 Oct 13	Acting as HOST
5	15:44 Wed 16 Oct 13	Startup FIDSxml v0.96 build 5 Oct 2013  DEMONSTRATION ONLY
4	15:44 Wed 16 Oct 13	Acting as HOST
5	15:50 Wed 16 Oct 13	Startup FIDSxml v0.96 build 5 Oct 2013  DEMONSTRATION ONLY
4	15:50 Wed 16 Oct 13	Acting as HOST
5	15:59 Wed 16 Oct 13	Startup FIDSxml v0.96 build 5 Oct 2013  DEMONSTRATION ONLY
4	15:59 Wed 16 Oct 13	Acting as HOST
5	08:07 Fri 25 Oct 13	Startup FIDSxml v0.96 build 5 Oct 2013  DEMONSTRATION ONLY
4	08:07 Fri 25 Oct 13	Acting as HOST
5	08:12 Fri 25 Oct 13	Startup FIDSxml v0.96 build 5 Oct 2013  DEMONSTRATION ONLY
4	08:12 Fri 25 Oct 13	Acting as HOST
5	08:29 Fri 25 Oct 13	Startup FIDSxml v0.96 build 5 Oct 2013  DEMONSTRATION ONLY
4	08:29 Fri 25 Oct 13	Acting as HOST
5	08:35 Fri 25 Oct 13	Startup FIDSxml v0.96 build 5 Oct 2013  DEMONSTRATION ONLY
4	08:35 Fri 25 Oct 13	Acting as HOST
5	09:19 Fri 25 Oct 13	Startup FIDSxml v0.96 build 5 Oct 2013  DEMONSTRATION ONLY
4	09:19 Fri 25 Oct 13	Acting as HOST
5	09:28 Fri 25 Oct 13	Startup FIDSxml v0.96 build 5 Oct 2013  DEMONSTRATION ONLY
4	09:28 Fri 25 Oct 13	Acting as HOST
5	09:31 Fri 25 Oct 13	Startup FIDSxml v0.96 build 5 Oct 2013  DEMONSTRATION ONLY
4	09:31 Fri 25 Oct 13	Acting as HOST
5	09:31 Fri 25 Oct 13	Startup FIDSxml v0.96 build 5 Oct 2013  DEMONSTRATION ONLY
4	09:31 Fri 25 Oct 13	Acting as HOST
5	09:56 Fri 25 Oct 13	Startup FIDSxml v0.96 build 5 Oct 2013  DEMONSTRATION ONLY
4	09:56 Fri 25 Oct 13	Acting as HOST
5	11:37 Fri 25 Oct 13	Startup FIDSxml v0.96 build 5 Oct 2013  DEMONSTRATION ONLY
4	11:37 Fri 25 Oct 13	Acting as HOST
5	11:58 Fri 25 Oct 13	Startup FIDSxml v0.96 build 5 Oct 2013  DEMONSTRATION ONLY
4	11:58 Fri 25 Oct 13	Acting as HOST
5	21:37 Fri 25 Oct 13	Startup FIDSxml v0.96 build 5 Oct 2013  DEMONSTRATION ONLY
4	21:37 Fri 25 Oct 13	Acting as HOST
5	21:43 Fri 25 Oct 13	Startup FIDSxml v0.96 build 5 Oct 2013  DEMONSTRATION ONLY
4	21:43 Fri 25 Oct 13	Acting as HOST
5	21:48 Fri 25 Oct 13	Startup FIDSxml v0.96 build 5 Oct 2013  DEMONSTRATION ONLY
4	21:48 Fri 25 Oct 13	Acting as HOST
5	21:52 Fri 25 Oct 13	Startup FIDSxml v0.96 build 5 Oct 2013  DEMONSTRATION ONLY
4	21:52 Fri 25 Oct 13	Acting as HOST
5	21:56 Fri 25 Oct 13	Startup FIDSxml v0.96 build 5 Oct 2013  DEMONSTRATION ONLY
4	21:56 Fri 25 Oct 13	Acting as HOST
5	22:00 Fri 25 Oct 13	Startup FIDSxml v0.96 build 5 Oct 2013  DEMONSTRATION ONLY
4	22:00 Fri 25 Oct 13	Acting as HOST
5	11:02 Sat 26 Oct 13	Startup FIDSxml v0.96 build 5 Oct 2013  DEMONSTRATION ONLY
4	11:02 Sat 26 Oct 13	Acting as HOST
5	11:15 Sat 26 Oct 13	Startup FIDSxml v0.96 build 5 Oct 2013  DEMONSTRATION ONLY
4	11:15 Sat 26 Oct 13	Acting as HOST
5	11:19 Sat 26 Oct 13	Startup FIDSxml v0.96 build 5 Oct 2013  DEMONSTRATION ONLY
4	11:19 Sat 26 Oct 13	Acting as HOST
5	11:30 Sat 26 Oct 13	Startup FIDSxml v0.96 build 5 Oct 2013  DEMONSTRATION ONLY
4	11:30 Sat 26 Oct 13	Acting as HOST
5	11:32 Sat 26 Oct 13	Startup FIDSxml v0.96 build 5 Oct 2013  DEMONSTRATION ONLY
4	11:32 Sat 26 Oct 13	Acting as HOST
5	11:34 Sat 26 Oct 13	Startup FIDSxml v0.96 build 5 Oct 2013  DEMONSTRATION ONLY
4	11:34 Sat 26 Oct 13	Acting as HOST
5	11:55 Sat 26 Oct 13	Startup FIDSxml v0.96 build 5 Oct 2013  DEMONSTRATION ONLY
4	11:55 Sat 26 Oct 13	Acting as HOST
5	15:28 Sat 26 Oct 13	Startup FIDSxml v0.96 build 5 Oct 2013  DEMONSTRATION ONLY
4	15:28 Sat 26 Oct 13	Acting as HOST
5	18:45 Sun 24 Nov 13	Startup FIDSxml v0.96 build 5 Oct 2013  DEMONSTRATION ONLY
4	18:45 Sun 24 Nov 13	Acting as HOST
5	19:15 Sun 24 Nov 13	Startup FIDSxml v0.96 build 5 Oct 2013  DEMONSTRATION ONLY
4	19:15 Sun 24 Nov 13	Acting as HOST
5	22:17 Mon 25 Nov 13	Startup FIDSxml v0.96 build 5 Oct 2013  DEMONSTRATION ONLY
4	22:17 Mon 25 Nov 13	Acting as HOST
5	23:29 Tue 26 Nov 13	Startup FIDSxml v0.96 build 5 Oct 2013  DEMONSTRATION ONLY
4	23:29 Tue 26 Nov 13	Acting as HOST
5	23:43 Tue 26 Nov 13	Startup FIDSxml v0.96 build 5 Oct 2013  DEMONSTRATION ONLY
4	23:43 Tue 26 Nov 13	Acting as HOST
5	23:50 Tue 26 Nov 13	Startup FIDSxml v0.96 build 5 Oct 2013  DEMONSTRATION ONLY
4	23:50 Tue 26 Nov 13	Acting as HOST
5	23:52 Tue 26 Nov 13	Startup FIDSxml v0.96 build 5 Oct 2013  DEMONSTRATION ONLY
4	23:52 Tue 26 Nov 13	Acting as HOST
5	22:37 Wed 27 Nov 13	Startup FIDSxml v0.96 build 5 Oct 2013  DEMONSTRATION ONLY
4	22:37 Wed 27 Nov 13	Acting as HOST
5	22:37 Wed 27 Nov 13	Startup FIDSxml v0.96 build 5 Oct 2013  DEMONSTRATION ONLY
4	22:37 Wed 27 Nov 13	Acting as HOST
5	00:21 Mon 30 Dec 13	Startup FIDSxml v0.96 build 5 Oct 2013  DEMONSTRATION ONLY
4	00:21 Mon 30 Dec 13	Acting as HOST
5	13:41 Mon 30 Dec 13	Startup FIDSxml v0.96 build 5 Oct 2013  DEMONSTRATION ONLY
4	13:41 Mon 30 Dec 13	Acting as HOST
5	18:15 Tue 31 Dec 13	Startup FIDSxml v0.96 build 5 Oct 2013  DEMONSTRATION ONLY
4	18:15 Tue 31 Dec 13	Acting as HOST
5	23:14 Thu 2 Jan 14	Startup FIDSxml v0.96 build 5 Oct 2013  DEMONSTRATION ONLY
4	23:14 Thu 2 Jan 14	Acting as HOST
5	23:10 Fri 3 Jan 14	Startup FIDSxml v0.96 build 5 Oct 2013  DEMONSTRATION ONLY
4	23:10 Fri 3 Jan 14	Acting as HOST
5	22:53 Sat 4 Jan 14	Startup FIDSxml v0.96 build 5 Oct 2013  DEMONSTRATION ONLY
4	22:53 Sat 4 Jan 14	Acting as HOST
5	22:16 Mon 6 Jan 14	Startup FIDSxml v0.96 build 5 Oct 2013  DEMONSTRATION ONLY
4	22:16 Mon 6 Jan 14	Acting as HOST
5	23:03 Tue 7 Jan 14	Startup FIDSxml v0.96 build 5 Oct 2013  DEMONSTRATION ONLY
4	23:03 Tue 7 Jan 14	Acting as HOST
5	23:21 Wed 8 Jan 14	Startup FIDSxml v0.96 build 5 Oct 2013  DEMONSTRATION ONLY
4	23:21 Wed 8 Jan 14	Acting as HOST
