B 00 03 E9 00 09 00 00 00 05 1C 00 02 01 A4
<<<<<<< HEAD
=======
B 00 03 E9 00 09 00 00 00 05 1C 00 02 01 A4
B 00 03 E9 00 09 00 00 00 05 1C 00 02 01 A4
B 00 03 E9 00 09 00 00 00 05 1C 00 02 01 A4
B 00 03 E9 00 09 00 00 00 05 1C 00 02 01 A4
B 00 03 E9 00 09 00 00 00 05 1C 00 02 01 A4
B 00 03 E9 00 09 00 00 00 05 1C 00 02 01 A4
B 00 03 E9 00 09 00 00 00 05 1C 00 02 01 A4
B 00 03 E9 00 09 00 00 00 05 1C 00 02 01 A4
B 00 03 E9 00 09 00 00 00 05 1C 00 02 01 A4
B 00 03 E9 00 09 00 00 00 05 1C 00 02 01 A4
B 00 03 E9 00 09 00 00 00 05 1C 00 02 01 A4
B 00 03 E9 00 09 00 00 00 05 1C 00 02 01 A4
B 00 03 E9 00 09 00 00 00 05 1C 00 02 01 A4
B 00 03 E9 00 09 00 00 00 05 1C 00 02 01 A4
B 00 03 E9 00 09 00 00 00 05 1C 00 02 01 A4
B 00 03 E9 00 09 00 00 00 05 1C 00 02 01 A4
B 00 03 E9 00 09 00 00 00 05 1C 00 02 01 A4
B 00 03 E9 00 09 00 00 00 05 1C 00 02 01 A4
B 00 03 E9 00 09 00 00 00 05 1C 00 02 01 A4
B 00 03 E9 00 09 00 00 00 05 1C 00 02 01 A4
B 00 03 E9 00 09 00 00 00 05 1C 00 02 01 A4
B 00 03 E9 00 09 00 00 00 05 1C 00 02 01 A4
B 00 03 E9 00 09 00 00 00 05 1C 00 02 01 A4
B 00 03 E9 00 09 00 00 00 05 1C 00 02 01 A4
B 00 03 E9 00 09 00 00 00 05 1C 00 02 01 A4
B 00 03 E9 00 09 00 00 00 05 1C 00 02 01 A4
B 00 03 E9 00 09 00 00 00 05 1C 00 02 01 A4
B 00 03 E9 00 09 00 00 00 05 1C 00 02 01 A4
B 00 03 E9 00 09 00 00 00 05 1C 00 02 01 A4
B 00 03 E9 00 09 00 00 00 05 1C 00 02 01 A4
B 00 03 E9 00 09 00 00 00 05 1C 00 02 01 A4
B 00 03 E9 00 09 00 00 00 05 1C 00 02 01 A4
B 00 03 E9 00 09 00 00 00 05 1C 00 02 01 A4
B 00 03 E9 00 09 00 00 00 05 1C 00 02 01 A4
B 00 03 E9 00 09 00 00 00 05 1C 00 02 01 A4
B 00 03 E9 00 09 00 00 00 05 1C 00 02 01 A4
B 00 03 E9 00 09 00 00 00 05 1C 00 02 01 A4
B 00 03 E9 00 09 00 00 00 05 1C 00 02 01 A4
B 00 03 E9 00 09 00 00 00 05 1C 00 02 01 A4
B 00 03 E9 00 09 00 00 00 05 1C 00 02 01 A4
B 00 03 E9 00 09 00 00 00 05 1C 00 02 01 A4
B 00 03 E9 00 09 00 00 00 05 1C 00 02 01 A4
>>>>>>> c9e424ad15727ca6ad7e7b40f2a35059c8727fe2
