
Init IP=192.168.0.20 frame=1
ClearScreen page=0 
DefineTextStyle id=1 font=0 size=42
Show
ClearScreen page=0 
DefineTextStyle id=1 font=0 size=42
Show
ClearScreen page=0 
DefineTextStyle id=1 font=0 size=42
Show
ClearScreen page=0 
DefineTextStyle id=1 font=0 size=42
Show

SET FRAME = 1   sec 1
ClearScreen page=0 BeltSum.1
MakeUDCWindow at 0,0
MakeUDCWindow at 0,0
MakeUDCWindow at 0,0
SetFont swissbc.ttf id=5
DefineTextStyle id=1 font=5 size=55
MakeUDCWindow at 150,0
MakeUDCWindow at 1239,1
DefineTextStyle id=2 font=5 size=34
MakeUDCWindow at 1241,3
MakeUDCWindow at 0,50
MakeUDCWindow at 0,0
MakeUDCWindow at 240,0
MakeUDCWindow at 455,0
MakeUDCWindow at 1200,0
MakeUDCWindow at 0,93
MakeUDCWindow at 0,0
MakeUDCWindow at 0,94
MakeUDCWindow at 0,0
MakeUDCWindow at 0,95
SetGIF \graphics\gifs\airlines\230x60\qf230x60.gif id=1
ImageOut QF230x60.gif at 0,0
SetFont swissm.ttf id=4
DefineTextStyle id=3 font=4 size=44
MakeUDCWindow at 230,0
DefineTextStyle id=4 font=5 size=44
MakeUDCWindow at 455,0
DefineTextStyle id=5 font=5 size=44
MakeUDCWindow at 1200,0
MakeUDCWindow at 0,155
ObjOut 'Test 3' style=2 at 0,0
MakeUDCWindow at 0,215
MakeUDCWindow at 0,0
MakeUDCWindow at 0,216
MakeUDCWindow at 0,0
MakeUDCWindow at 0,217
MakeUDCWindow at 0,0
MakeUDCWindow at 0,218
SetGIF \graphics\gifs\airlines\230x60\bl230x60.gif id=3
ImageOut BL230x60.gif at 0,0
MakeUDCWindow at 230,0
MakeUDCWindow at 455,0
MakeUDCWindow at 1200,0
MakeUDCWindow at 0,278
MakeUDCWindow at 0,0
MakeUDCWindow at 0,279
MakeUDCWindow at 0,0
MakeUDCWindow at 0,280
MakeUDCWindow at 0,0
MakeUDCWindow at 0,281
SetGIF \graphics\gifs\airlines\230x60\xx230x60.gif id=4
ImageOut XX230x60.gif at 0,0
MakeUDCWindow at 230,0
MakeUDCWindow at 455,0
MakeUDCWindow at 1200,0
SetGIF \graphics\gifs\misc\rtarrow.gif id=5
ImageOut rtarrow.gif at 1280,0
MakeUDCWindow at 0,341
MakeUDCWindow at 0,0
MakeUDCWindow at 0,342
MakeUDCWindow at 0,0
MakeUDCWindow at 0,343
MakeUDCWindow at 0,0
MakeUDCWindow at 0,344
SetGIF \graphics\gifs\airlines\230x60\xc230x60.gif id=6
ImageOut XC230x60.gif at 0,0
MakeUDCWindow at 230,0
MakeUDCWindow at 455,0
MakeUDCWindow at 1200,0
ImageOut rtarrow.gif at 1280,0
MakeUDCWindow at 0,404
MakeUDCWindow at 0,0
MakeUDCWindow at 0,405
MakeUDCWindow at 0,0
MakeUDCWindow at 0,406
MakeUDCWindow at 0,0
MakeUDCWindow at 0,407
ImageOut BL230x60.gif at 0,0
MakeUDCWindow at 230,0
MakeUDCWindow at 455,0
MakeUDCWindow at 1200,0
MakeUDCWindow at 0,467
MakeUDCWindow at 0,0
MakeUDCWindow at 0,468
MakeUDCWindow at 0,0
MakeUDCWindow at 0,469
MakeUDCWindow at 0,0
MakeUDCWindow at 0,470
SetGIF \graphics\gifs\airlines\230x60\ab230x60.gif id=7
ImageOut AB230x60.gif at 0,0
MakeUDCWindow at 230,0
MakeUDCWindow at 455,0
MakeUDCWindow at 1200,0
MakeUDCWindow at 0,530
MakeUDCWindow at 0,0
MakeUDCWindow at 0,531
MakeUDCWindow at 0,0
Show

Init IP=192.168.0.21 frame=2
ClearScreen page=0 
DefineTextStyle id=1 font=0 size=42

SET FRAME = 2   sec 1
ClearScreen page=0 BeltSum.2
MakeUDCWindow at 0,0
MakeUDCWindow at 0,0
MakeUDCWindow at 0,0
SetFont swissbc.ttf id=5
DefineTextStyle id=1 font=5 size=55
MakeUDCWindow at 150,0
MakeUDCWindow at 1239,1
DefineTextStyle id=2 font=5 size=34
MakeUDCWindow at 1241,3
MakeUDCWindow at 0,50
MakeUDCWindow at 0,0
MakeUDCWindow at 240,0
MakeUDCWindow at 455,0
MakeUDCWindow at 1200,0
MakeUDCWindow at 0,93
MakeUDCWindow at 0,0
Show

Init IP=192.168.0.22 frame=3
ClearScreen page=0 
DefineTextStyle id=1 font=0 size=42

SET FRAME = 3   sec 1
ClearScreen page=0 BeltSum.3
MakeUDCWindow at 0,0
MakeUDCWindow at 0,0
MakeUDCWindow at 0,0
SetFont swissbc.ttf id=5
DefineTextStyle id=1 font=5 size=55
MakeUDCWindow at 150,0
MakeUDCWindow at 1239,1
DefineTextStyle id=2 font=5 size=34
MakeUDCWindow at 1241,3
MakeUDCWindow at 0,50
MakeUDCWindow at 0,0
MakeUDCWindow at 240,0
MakeUDCWindow at 455,0
MakeUDCWindow at 1200,0
MakeUDCWindow at 0,93
MakeUDCWindow at 0,0
Show

Init IP=192.168.0.24 frame=4
ClearScreen page=0 
DefineTextStyle id=1 font=0 size=42

SET FRAME = 4   sec 1
ClearScreen page=0 BeltSum.4
MakeUDCWindow at 0,0
MakeUDCWindow at 0,0
MakeUDCWindow at 0,0
SetFont swissbc.ttf id=5
DefineTextStyle id=1 font=5 size=55
MakeUDCWindow at 150,0
MakeUDCWindow at 1239,1
DefineTextStyle id=2 font=5 size=34
MakeUDCWindow at 1241,3
MakeUDCWindow at 0,50
MakeUDCWindow at 0,0
MakeUDCWindow at 240,0
MakeUDCWindow at 455,0
MakeUDCWindow at 1200,0
MakeUDCWindow at 0,93
MakeUDCWindow at 0,0
Show

Init IP=192.168.0.26 frame=5
ClearScreen page=0 
DefineTextStyle id=1 font=0 size=42

SET FRAME = 5   sec 1
ClearScreen page=0 BeltSum.5
MakeUDCWindow at 0,0
MakeUDCWindow at 0,0
MakeUDCWindow at 0,0
SetFont swissbc.ttf id=5
DefineTextStyle id=1 font=5 size=55
MakeUDCWindow at 150,0
MakeUDCWindow at 1239,1
DefineTextStyle id=2 font=5 size=34
MakeUDCWindow at 1241,3
MakeUDCWindow at 0,50
MakeUDCWindow at 0,0
MakeUDCWindow at 240,0
MakeUDCWindow at 455,0
MakeUDCWindow at 1200,0
MakeUDCWindow at 0,93
MakeUDCWindow at 0,0
Show

Init IP=192.168.0.27 frame=6
ClearScreen page=0 
DefineTextStyle id=1 font=0 size=42

SET FRAME = 6   sec 1
ClearScreen page=0 BeltSum.6
MakeUDCWindow at 0,0
MakeUDCWindow at 0,0
MakeUDCWindow at 0,0
SetFont swissbc.ttf id=5
DefineTextStyle id=1 font=5 size=55
MakeUDCWindow at 150,0
MakeUDCWindow at 1239,1
DefineTextStyle id=2 font=5 size=34
MakeUDCWindow at 1241,3
MakeUDCWindow at 0,50
MakeUDCWindow at 0,0
MakeUDCWindow at 240,0
MakeUDCWindow at 455,0
MakeUDCWindow at 1200,0
MakeUDCWindow at 0,93
MakeUDCWindow at 0,0
Show

SET FRAME = 1   sec 1

SET FRAME = 1   sec 1

SET FRAME = 1   sec 1

SET FRAME = 1   sec 1

SET FRAME = 1   sec 1

SET FRAME = 1   sec 1

SET FRAME = 1   sec 1
Update

SET FRAME = 1   sec 36
MakeUDCWindow at 1241,3
Update

SET FRAME = 2   sec 36
MakeUDCWindow at 1241,3
Update

SET FRAME = 3   sec 36
MakeUDCWindow at 1241,3
Update

SET FRAME = 4   sec 36
MakeUDCWindow at 1241,3
Update

SET FRAME = 5   sec 36
MakeUDCWindow at 1241,3
Update

SET FRAME = 6   sec 36
MakeUDCWindow at 1241,3
Update

SET FRAME = 1   sec 91
MakeUDCWindow at 1241,3
Update

SET FRAME = 2   sec 91
MakeUDCWindow at 1241,3
Update

SET FRAME = 3   sec 91
MakeUDCWindow at 1241,3
Update

SET FRAME = 4   sec 91
MakeUDCWindow at 1241,3
Update

SET FRAME = 5   sec 91
MakeUDCWindow at 1241,3
Update

SET FRAME = 6   sec 91
MakeUDCWindow at 1241,3
Update

SET FRAME = 1   sec 146
MakeUDCWindow at 1241,3
Update

SET FRAME = 2   sec 146
MakeUDCWindow at 1241,3
Update

SET FRAME = 3   sec 146
MakeUDCWindow at 1241,3
Update

SET FRAME = 4   sec 146
MakeUDCWindow at 1241,3
Update

SET FRAME = 5   sec 146
MakeUDCWindow at 1241,3
Update

SET FRAME = 6   sec 146
MakeUDCWindow at 1241,3
Update

SET FRAME = 1   sec 201
MakeUDCWindow at 1241,3
Update

SET FRAME = 2   sec 201
MakeUDCWindow at 1241,3
Update

SET FRAME = 3   sec 201
MakeUDCWindow at 1241,3
Update

SET FRAME = 4   sec 201
MakeUDCWindow at 1241,3
Update

SET FRAME = 5   sec 201
MakeUDCWindow at 1241,3
Update

SET FRAME = 6   sec 201
MakeUDCWindow at 1241,